map[time:2019-10-14 00:17:50.251764045 +0800 CST m=+0.012527251]
Now listening on: http://0.0.0.0:2334
Application started. Press CTRL+C to shut down.
d1 meiyoumima
D34 cyhnb 22222 meiyoumia
X55 meiyoumima
[HTTP Server] http: panic serving 112.80.50.26:56735: runtime error: invalid memory address or nil pointer dereference
goroutine 380148 [running]:
net/http.(*conn).serve.func1(0xc0003d2fa0)
	/usr/local/go/src/net/http/server.go:1767 +0x139
panic(0xb1e340, 0x120c790)
	/usr/local/go/src/runtime/panic.go:679 +0x1b2
main.main.func2(0xd42940, 0xc0004ee090)
	/home/allen/Desktop/LaundryMachineSJTU_backend/example.go:68 +0x120
github.com/kataras/iris/context.DefaultNext(0xd42940, 0xc0004ee090)
	/home/allen/go/src/github.com/kataras/iris/context/context.go:1328 +0x107
github.com/kataras/iris/context.(*context).Next(0xc0004ee090)
	/home/allen/go/src/github.com/kataras/iris/context/context.go:1337 +0x3e
github.com/iris-contrib/middleware/cors.(*Cors).Serve(0xc0001923c0, 0xd42940, 0xc0004ee090)
	/home/allen/go/src/github.com/iris-contrib/middleware/cors/cors.go:185 +0x1af
github.com/kataras/iris/context.Do(0xd42940, 0xc0004ee090, 0xc000194560, 0x2, 0x2)
	/home/allen/go/src/github.com/kataras/iris/context/context.go:1015 +0x81
github.com/kataras/iris/context.(*context).Do(0xc0004ee090, 0xc000194560, 0x2, 0x2)
	/home/allen/go/src/github.com/kataras/iris/context/context.go:1202 +0x55
github.com/kataras/iris/core/router.(*routerHandler).HandleRequest(0xc000190f60, 0xd42940, 0xc0004ee090)
	/home/allen/go/src/github.com/kataras/iris/core/router/handler.go:251 +0x556
github.com/kataras/iris/core/router.(*Router).BuildRouter.func1(0xd24b80, 0xc0005887e0, 0xc000562600)
	/home/allen/go/src/github.com/kataras/iris/core/router/router.go:85 +0x8f
github.com/kataras/iris/core/router.(*Router).ServeHTTP(0xc0000d5e80, 0xd24b80, 0xc0005887e0, 0xc000562600)
	/home/allen/go/src/github.com/kataras/iris/core/router/router.go:162 +0x48
net/http.serverHandler.ServeHTTP(0xc0004d0620, 0xd24b80, 0xc0005887e0, 0xc000562600)
	/usr/local/go/src/net/http/server.go:2802 +0xa4
net/http.(*conn).serve(0xc0003d2fa0, 0xd273c0, 0xc000702540)
	/usr/local/go/src/net/http/server.go:1890 +0x875
created by net/http.(*Server).Serve
	/usr/local/go/src/net/http/server.go:2927 +0x38e
[HTTP Server] http: panic serving 112.80.50.26:56739: runtime error: invalid memory address or nil pointer dereference
goroutine 380194 [running]:
net/http.(*conn).serve.func1(0xc0005aa000)
	/usr/local/go/src/net/http/server.go:1767 +0x139
panic(0xb1e340, 0x120c790)
	/usr/local/go/src/runtime/panic.go:679 +0x1b2
main.main.func2(0xd42940, 0xc000ac43f0)
	/home/allen/Desktop/LaundryMachineSJTU_backend/example.go:68 +0x120
github.com/kataras/iris/context.DefaultNext(0xd42940, 0xc000ac43f0)
	/home/allen/go/src/github.com/kataras/iris/context/context.go:1328 +0x107
github.com/kataras/iris/context.(*context).Next(0xc000ac43f0)
	/home/allen/go/src/github.com/kataras/iris/context/context.go:1337 +0x3e
github.com/iris-contrib/middleware/cors.(*Cors).Serve(0xc0001923c0, 0xd42940, 0xc000ac43f0)
	/home/allen/go/src/github.com/iris-contrib/middleware/cors/cors.go:185 +0x1af
github.com/kataras/iris/context.Do(0xd42940, 0xc000ac43f0, 0xc000194560, 0x2, 0x2)
	/home/allen/go/src/github.com/kataras/iris/context/context.go:1015 +0x81
github.com/kataras/iris/context.(*context).Do(0xc000ac43f0, 0xc000194560, 0x2, 0x2)
	/home/allen/go/src/github.com/kataras/iris/context/context.go:1202 +0x55
github.com/kataras/iris/core/router.(*routerHandler).HandleRequest(0xc000190f60, 0xd42940, 0xc000ac43f0)
	/home/allen/go/src/github.com/kataras/iris/core/router/handler.go:251 +0x556
github.com/kataras/iris/core/router.(*Router).BuildRouter.func1(0xd24b80, 0xc0001f4c40, 0xc000778800)
	/home/allen/go/src/github.com/kataras/iris/core/router/router.go:85 +0x8f
github.com/kataras/iris/core/router.(*Router).ServeHTTP(0xc0000d5e80, 0xd24b80, 0xc0001f4c40, 0xc000778800)
	/home/allen/go/src/github.com/kataras/iris/core/router/router.go:162 +0x48
net/http.serverHandler.ServeHTTP(0xc0004d0620, 0xd24b80, 0xc0001f4c40, 0xc000778800)
	/usr/local/go/src/net/http/server.go:2802 +0xa4
net/http.(*conn).serve(0xc0005aa000, 0xd273c0, 0xc0009fc3c0)
	/usr/local/go/src/net/http/server.go:1890 +0x875
created by net/http.(*Server).Serve
	/usr/local/go/src/net/http/server.go:2927 +0x38e
[31m[ERRO][0m 2019/11/09 19:59 http: Server closed
go example.go: unknown command
Run 'go help' for usage.
go example.go: unknown command
Run 'go help' for usage.
map[time:2019-11-09 20:01:19.996725647 +0800 CST m=+0.013000255]
Now listening on: http://0.0.0.0:2334
Application started. Press CTRL+C to shut down.
&{1 0 1 <nil>} <nil>
&{1 0 1 <nil>} <nil>
&{1 0 1 <nil>} <nil>
&{1 0 1 <nil>} <nil>
&{1 0 1 <nil>} <nil>
&{1 0 1 <nil>} <nil>
&{1 0 1 <nil>} <nil>
&{1 0 1 <nil>} <nil>
&{1 0 1 <nil>} <nil>
&{1 0 1 <nil>} <nil>
&{1 0 1 <nil>} <nil>
&{1 0 1 <nil>} <nil>
&{1 0 1 <nil>} <nil>
&{1 0 1 <nil>} <nil>
&{1 0 1 <nil>} <nil>
&{1 0 1 <nil>} <nil>
&{1 0 1 <nil>} <nil>
&{1 0 1 <nil>} <nil>
&{1 0 1 <nil>} <nil>
&{1 0 1 <nil>} <nil>
&{1 0 1 <nil>} <nil>
&{1 0 1 <nil>} <nil>
&{1 0 1 <nil>} <nil>
&{1 0 1 <nil>} <nil>
&{1 0 1 <nil>} <nil>
&{1 0 1 <nil>} <nil>
&{1 0 1 <nil>} <nil>
&{1 0 1 <nil>} <nil>
&{1 0 1 <nil>} <nil>
&{1 0 1 <nil>} <nil>
&{1 0 1 <nil>} <nil>
&{1 0 1 <nil>} <nil>
&{1 0 1 <nil>} <nil>
&{1 0 1 <nil>} <nil>
&{1 0 1 <nil>} <nil>
&{1 0 1 <nil>} <nil>
&{1 0 1 <nil>} <nil>
&{1 0 1 <nil>} <nil>
&{1 0 1 <nil>} <nil>
&{1 0 1 <nil>} <nil>
&{1 0 1 <nil>} <nil>
&{1 0 1 <nil>} <nil>
&{1 0 1 <nil>} <nil>
&{1 0 1 <nil>} <nil>
&{1 0 1 <nil>} <nil>
&{1 0 1 <nil>} <nil>
&{1 0 1 <nil>} <nil>
&{1 0 1 <nil>} <nil>
&{1 0 1 <nil>} <nil>
&{1 0 1 <nil>} <nil>
&{1 0 1 <nil>} <nil>
&{1 0 1 <nil>} <nil>
&{1 0 1 <nil>} <nil>
&{1 0 1 <nil>} <nil>
&{1 0 1 <nil>} <nil>
&{1 0 1 <nil>} <nil>
&{1 0 1 <nil>} <nil>
&{1 0 1 <nil>} <nil>
&{1 0 1 <nil>} <nil>
&{1 0 1 <nil>} <nil>
&{1 0 1 <nil>} <nil>
&{1 0 1 <nil>} <nil>
&{1 0 1 <nil>} <nil>
&{1 0 1 <nil>} <nil>
&{1 0 1 <nil>} <nil>
&{1 0 1 <nil>} <nil>
&{1 0 1 <nil>} <nil>
&{1 0 1 <nil>} <nil>
&{1 0 1 <nil>} <nil>
&{1 0 1 <nil>} <nil>
&{1 0 1 <nil>} <nil>
&{1 0 1 <nil>} <nil>
&{1 0 1 <nil>} <nil>
&{1 0 1 <nil>} <nil>
&{1 0 1 <nil>} <nil>
&{1 0 1 <nil>} <nil>
&{1 0 1 <nil>} <nil>
&{1 0 1 <nil>} <nil>
&{1 0 1 <nil>} <nil>
&{1 0 1 <nil>} <nil>
&{1 0 1 <nil>} <nil>
&{1 0 1 <nil>} <nil>
&{1 0 1 <nil>} <nil>
&{1 0 1 <nil>} <nil>
&{1 0 1 <nil>} <nil>
&{1 0 1 <nil>} <nil>
&{1 0 1 <nil>} <nil>
&{1 0 1 <nil>} <nil>
&{1 0 1 <nil>} <nil>
&{1 0 1 <nil>} <nil>
&{1 0 1 <nil>} <nil>
&{1 0 1 <nil>} <nil>
&{1 0 1 <nil>} <nil>
&{1 0 1 <nil>} <nil>
&{1 0 1 <nil>} <nil>
&{1 0 1 <nil>} <nil>
&{1 0 1 <nil>} <nil>
&{1 0 1 <nil>} <nil>
&{1 0 1 <nil>} <nil>
&{1 0 1 <nil>} <nil>
&{1 0 1 <nil>} <nil>
&{1 0 1 <nil>} <nil>
&{1 0 1 <nil>} <nil>
&{1 0 1 <nil>} <nil>
&{1 0 1 <nil>} <nil>
&{1 0 1 <nil>} <nil>
&{1 0 1 <nil>} <nil>
&{1 0 1 <nil>} <nil>
&{1 0 1 <nil>} <nil>
&{1 0 1 <nil>} <nil>
&{1 0 1 <nil>} <nil>
&{1 0 1 <nil>} <nil>
&{1 0 1 <nil>} <nil>
&{1 0 1 <nil>} <nil>
&{1 0 1 <nil>} <nil>
&{1 0 1 <nil>} <nil>
&{1 0 1 <nil>} <nil>
&{1 0 1 <nil>} <nil>
&{1 0 1 <nil>} <nil>
&{1 0 1 <nil>} <nil>
&{1 0 1 <nil>} <nil>
&{1 0 1 <nil>} <nil>
&{1 0 1 <nil>} <nil>
&{1 0 1 <nil>} <nil>
&{1 0 1 <nil>} <nil>
D35 F13 J94569 meiyoumima
&{0 0 0 ObjectIdHex("5dc949b6cb9e5b2c310c6961")} <nil>
D35 F11 J94493 meiyoumima
&{0 0 0 ObjectIdHex("5dc949cdcb9e5b2c310c6966")} <nil>
D35 F9 J94527 meiyoumima
&{0 0 0 ObjectIdHex("5dc949decb9e5b2c310c696b")} <nil>
D35 F7 J94491 meiyoumima
&{0 0 0 ObjectIdHex("5dc949edcb9e5b2c310c6973")} <nil>
D35 F7 J94526 meiyoumima
&{0 0 0 ObjectIdHex("5dc949f7cb9e5b2c310c6977")} <nil>
D35 F5 J94526 meiyoumima
&{1 0 1 <nil>} <nil>
D35 F3 J94536 meiyoumima
&{0 0 0 ObjectIdHex("5dc94a13cb9e5b2c310c697e")} <nil>
D35 F1西侧1号 J94513 meiyoumima
&{0 0 0 ObjectIdHex("5dc94a2dcb9e5b2c310c6984")} <nil>
D35 F1西侧2号 J94537 meiyoumima
&{0 0 0 ObjectIdHex("5dc94a38cb9e5b2c310c6989")} <nil>
D35 F1东侧3号 J62623 meiyoumima
&{0 0 0 ObjectIdHex("5dc94a57cb9e5b2c310c698f")} <nil>
D35 F1东侧4号 J94568 meiyoumima
&{0 0 0 ObjectIdHex("5dc94a65cb9e5b2c310c6992")} <nil>
D35 F1东侧5号 J94574 meiyoumima
&{0 0 0 ObjectIdHex("5dc94a71cb9e5b2c310c6997")} <nil>
&{1 0 1 <nil>} <nil>
X48 meiyoumima
X48 F1西侧1号 J49198 meiyoumima
&{0 0 0 ObjectIdHex("5dc94adecb9e5b2c310c69ae")} <nil>
X48 F1西侧2号 J49143 meiyoumima
&{0 0 0 ObjectIdHex("5dc94ae9cb9e5b2c310c69b1")} <nil>
X48 F1东侧1号 J30333 meiyoumima
&{0 0 0 ObjectIdHex("5dc94afbcb9e5b2c310c69b6")} <nil>
X48 F1东侧2号 J30305 meiyoumima
&{0 0 0 ObjectIdHex("5dc94b05cb9e5b2c310c69ba")} <nil>
&{1 0 1 <nil>} <nil>
&{1 0 1 <nil>} <nil>
&{1 0 1 <nil>} <nil>
&{1 0 1 <nil>} <nil>
&{1 0 1 <nil>} <nil>
&{1 0 1 <nil>} <nil>
&{1 0 1 <nil>} <nil>
&{1 0 1 <nil>} <nil>
&{1 0 1 <nil>} <nil>
&{1 0 1 <nil>} <nil>
&{1 0 1 <nil>} <nil>
&{1 0 1 <nil>} <nil>
&{1 0 1 <nil>} <nil>
&{1 0 1 <nil>} <nil>
&{1 0 1 <nil>} <nil>
&{1 0 1 <nil>} <nil>
&{1 0 1 <nil>} <nil>
&{1 0 1 <nil>} <nil>
&{1 0 1 <nil>} <nil>
&{1 0 1 <nil>} <nil>
&{1 0 1 <nil>} <nil>
&{1 0 1 <nil>} <nil>
&{1 0 1 <nil>} <nil>
&{1 0 1 <nil>} <nil>
&{1 0 1 <nil>} <nil>
&{1 0 1 <nil>} <nil>
&{1 0 1 <nil>} <nil>
&{1 0 1 <nil>} <nil>
&{1 0 1 <nil>} <nil>
&{1 0 1 <nil>} <nil>
&{1 0 1 <nil>} <nil>
&{1 0 1 <nil>} <nil>
&{1 0 1 <nil>} <nil>
&{1 0 1 <nil>} <nil>
&{1 0 1 <nil>} <nil>
&{1 0 1 <nil>} <nil>
&{1 0 1 <nil>} <nil>
&{1 0 1 <nil>} <nil>
&{1 0 1 <nil>} <nil>
&{1 0 1 <nil>} <nil>
&{1 0 1 <nil>} <nil>
&{1 0 1 <nil>} <nil>
&{1 0 1 <nil>} <nil>
&{1 0 1 <nil>} <nil>
&{1 0 1 <nil>} <nil>
&{1 0 1 <nil>} <nil>
&{1 0 1 <nil>} <nil>
&{1 0 1 <nil>} <nil>
&{1 0 1 <nil>} <nil>
&{1 0 1 <nil>} <nil>
&{1 0 1 <nil>} <nil>
&{1 0 1 <nil>} <nil>
&{1 0 1 <nil>} <nil>
&{1 0 1 <nil>} <nil>
&{1 0 1 <nil>} <nil>
&{1 0 1 <nil>} <nil>
&{1 0 1 <nil>} <nil>
&{1 0 1 <nil>} <nil>
&{1 0 1 <nil>} <nil>
&{1 0 1 <nil>} <nil>
&{1 0 1 <nil>} <nil>
&{1 0 1 <nil>} <nil>
&{1 0 1 <nil>} <nil>
&{1 0 1 <nil>} <nil>
&{1 0 1 <nil>} <nil>
&{1 0 1 <nil>} <nil>
&{1 0 1 <nil>} <nil>
&{1 0 1 <nil>} <nil>
&{1 0 1 <nil>} <nil>
&{1 0 1 <nil>} <nil>
&{1 0 1 <nil>} <nil>
&{1 0 1 <nil>} <nil>
&{1 0 1 <nil>} <nil>
&{1 0 1 <nil>} <nil>
&{1 0 1 <nil>} <nil>
&{1 0 1 <nil>} <nil>
&{1 0 1 <nil>} <nil>
&{1 0 1 <nil>} <nil>
&{1 0 1 <nil>} <nil>
&{1 0 1 <nil>} <nil>
&{1 0 1 <nil>} <nil>
&{1 0 1 <nil>} <nil>
&{1 0 1 <nil>} <nil>
&{1 0 1 <nil>} <nil>
&{1 0 1 <nil>} <nil>
&{1 0 1 <nil>} <nil>
&{1 0 1 <nil>} <nil>
&{1 0 1 <nil>} <nil>
&{1 0 1 <nil>} <nil>
&{1 0 1 <nil>} <nil>
&{1 0 1 <nil>} <nil>
&{1 0 1 <nil>} <nil>
&{1 0 1 <nil>} <nil>
&{1 0 1 <nil>} <nil>
&{1 0 1 <nil>} <nil>
&{1 0 1 <nil>} <nil>
&{1 0 1 <nil>} <nil>
&{1 0 1 <nil>} <nil>
&{1 0 1 <nil>} <nil>
&{1 0 1 <nil>} <nil>
&{1 0 1 <nil>} <nil>
&{1 0 1 <nil>} <nil>
&{1 0 1 <nil>} <nil>
&{1 0 1 <nil>} <nil>
&{1 0 1 <nil>} <nil>
&{1 0 1 <nil>} <nil>
&{1 0 1 <nil>} <nil>
&{1 0 1 <nil>} <nil>
&{1 0 1 <nil>} <nil>
&{1 0 1 <nil>} <nil>
&{1 0 1 <nil>} <nil>
&{1 0 1 <nil>} <nil>
&{1 0 1 <nil>} <nil>
&{1 0 1 <nil>} <nil>
&{1 0 1 <nil>} <nil>
&{1 0 1 <nil>} <nil>
&{1 0 1 <nil>} <nil>
&{1 0 1 <nil>} <nil>
&{1 0 1 <nil>} <nil>
&{1 0 1 <nil>} <nil>
&{1 0 1 <nil>} <nil>
&{1 0 1 <nil>} <nil>
&{1 0 1 <nil>} <nil>
&{1 0 1 <nil>} <nil>
&{1 0 1 <nil>} <nil>
&{1 0 1 <nil>} <nil>
&{1 0 1 <nil>} <nil>
&{1 0 1 <nil>} <nil>
&{1 0 1 <nil>} <nil>
&{1 0 1 <nil>} <nil>
&{1 0 1 <nil>} <nil>
&{1 0 1 <nil>} <nil>
&{1 0 1 <nil>} <nil>
&{1 0 1 <nil>} <nil>
&{1 0 1 <nil>} <nil>
&{1 0 1 <nil>} <nil>
&{1 0 1 <nil>} <nil>
&{1 0 1 <nil>} <nil>
&{1 0 1 <nil>} <nil>
&{1 0 1 <nil>} <nil>
&{1 0 1 <nil>} <nil>
&{1 0 1 <nil>} <nil>
&{1 0 1 <nil>} <nil>
&{1 0 1 <nil>} <nil>
&{1 0 1 <nil>} <nil>
&{1 0 1 <nil>} <nil>
&{1 0 1 <nil>} <nil>
&{1 0 1 <nil>} <nil>
&{1 0 1 <nil>} <nil>
&{1 0 1 <nil>} <nil>
&{1 0 1 <nil>} <nil>
&{1 0 1 <nil>} <nil>
&{1 0 1 <nil>} <nil>
&{1 0 1 <nil>} <nil>
&{1 0 1 <nil>} <nil>
&{1 0 1 <nil>} <nil>
&{1 0 1 <nil>} <nil>
&{1 0 1 <nil>} <nil>
&{1 0 1 <nil>} <nil>
&{1 0 1 <nil>} <nil>
&{1 0 1 <nil>} <nil>
&{1 0 1 <nil>} <nil>
&{1 0 1 <nil>} <nil>
&{1 0 1 <nil>} <nil>
&{1 0 1 <nil>} <nil>
&{1 0 1 <nil>} <nil>
&{1 0 1 <nil>} <nil>
&{1 0 1 <nil>} <nil>
&{1 0 1 <nil>} <nil>
&{1 0 1 <nil>} <nil>
&{1 0 1 <nil>} <nil>
&{1 0 1 <nil>} <nil>
&{1 0 1 <nil>} <nil>
&{1 0 1 <nil>} <nil>
&{1 0 1 <nil>} <nil>
&{1 0 1 <nil>} <nil>
&{1 0 1 <nil>} <nil>
&{1 0 1 <nil>} <nil>
&{1 0 1 <nil>} <nil>
&{1 0 1 <nil>} <nil>
&{1 0 1 <nil>} <nil>
&{1 0 1 <nil>} <nil>
&{1 0 1 <nil>} <nil>
&{1 0 1 <nil>} <nil>
&{1 0 1 <nil>} <nil>
&{1 0 1 <nil>} <nil>
&{1 0 1 <nil>} <nil>
&{1 0 1 <nil>} <nil>
&{1 0 1 <nil>} <nil>
&{1 0 1 <nil>} <nil>
&{1 0 1 <nil>} <nil>
&{1 0 1 <nil>} <nil>
&{1 0 1 <nil>} <nil>
&{1 0 1 <nil>} <nil>
&{1 0 1 <nil>} <nil>
&{1 0 1 <nil>} <nil>
&{1 0 1 <nil>} <nil>
&{1 0 1 <nil>} <nil>
&{1 0 1 <nil>} <nil>
&{1 0 1 <nil>} <nil>
&{1 0 1 <nil>} <nil>
&{1 0 1 <nil>} <nil>
&{1 0 1 <nil>} <nil>
&{1 0 1 <nil>} <nil>
&{1 0 1 <nil>} <nil>
&{1 0 1 <nil>} <nil>
&{1 0 1 <nil>} <nil>
&{1 0 1 <nil>} <nil>
&{1 0 1 <nil>} <nil>
&{1 0 1 <nil>} <nil>
&{1 0 1 <nil>} <nil>
&{1 0 1 <nil>} <nil>
&{1 0 1 <nil>} <nil>
&{1 0 1 <nil>} <nil>
&{1 0 1 <nil>} <nil>
&{1 0 1 <nil>} <nil>
&{1 0 1 <nil>} <nil>
&{1 0 1 <nil>} <nil>
&{1 0 1 <nil>} <nil>
&{1 0 1 <nil>} <nil>
&{1 0 1 <nil>} <nil>
&{1 0 1 <nil>} <nil>
&{1 0 1 <nil>} <nil>
&{1 0 1 <nil>} <nil>
&{1 0 1 <nil>} <nil>
&{1 0 1 <nil>} <nil>
&{1 0 1 <nil>} <nil>
&{1 0 1 <nil>} <nil>
&{1 0 1 <nil>} <nil>
&{1 0 1 <nil>} <nil>
&{1 0 1 <nil>} <nil>
&{1 0 1 <nil>} <nil>
&{1 0 1 <nil>} <nil>
&{1 0 1 <nil>} <nil>
&{1 0 1 <nil>} <nil>
&{1 0 1 <nil>} <nil>
&{1 0 1 <nil>} <nil>
&{1 0 1 <nil>} <nil>
&{1 0 1 <nil>} <nil>
&{1 0 1 <nil>} <nil>
&{1 0 1 <nil>} <nil>
&{1 0 1 <nil>} <nil>
&{1 0 1 <nil>} <nil>
&{1 0 1 <nil>} <nil>
&{1 0 1 <nil>} <nil>
&{1 0 1 <nil>} <nil>
&{1 0 1 <nil>} <nil>
&{1 0 1 <nil>} <nil>
&{1 0 1 <nil>} <nil>
&{1 0 1 <nil>} <nil>
&{1 0 1 <nil>} <nil>
&{1 0 1 <nil>} <nil>
&{1 0 1 <nil>} <nil>
&{1 0 1 <nil>} <nil>
&{1 0 1 <nil>} <nil>
&{1 0 1 <nil>} <nil>
&{1 0 1 <nil>} <nil>
&{1 0 1 <nil>} <nil>
&{1 0 1 <nil>} <nil>
&{1 0 1 <nil>} <nil>
&{1 0 1 <nil>} <nil>
&{1 0 1 <nil>} <nil>
&{1 0 1 <nil>} <nil>
&{1 0 1 <nil>} <nil>
&{1 0 1 <nil>} <nil>
&{1 0 1 <nil>} <nil>
&{1 0 1 <nil>} <nil>
&{1 0 1 <nil>} <nil>
&{1 0 1 <nil>} <nil>
&{1 0 1 <nil>} <nil>
&{1 0 1 <nil>} <nil>
&{1 0 1 <nil>} <nil>
&{1 0 1 <nil>} <nil>
&{1 0 1 <nil>} <nil>
&{1 0 1 <nil>} <nil>
&{1 0 1 <nil>} <nil>
&{1 0 1 <nil>} <nil>
&{1 0 1 <nil>} <nil>
&{1 0 1 <nil>} <nil>
&{1 0 1 <nil>} <nil>
&{1 0 1 <nil>} <nil>
&{1 0 1 <nil>} <nil>
&{1 0 1 <nil>} <nil>
&{1 0 1 <nil>} <nil>
&{1 0 1 <nil>} <nil>
&{1 0 1 <nil>} <nil>
&{1 0 1 <nil>} <nil>
&{1 0 1 <nil>} <nil>
&{1 0 1 <nil>} <nil>
&{1 0 1 <nil>} <nil>
&{1 0 1 <nil>} <nil>
&{1 0 1 <nil>} <nil>
&{1 0 1 <nil>} <nil>
&{1 0 1 <nil>} <nil>
&{1 0 1 <nil>} <nil>
&{1 0 1 <nil>} <nil>
&{1 0 1 <nil>} <nil>
&{1 0 1 <nil>} <nil>
&{1 0 1 <nil>} <nil>
&{1 0 1 <nil>} <nil>
&{1 0 1 <nil>} <nil>
&{1 0 1 <nil>} <nil>
&{1 0 1 <nil>} <nil>
&{1 0 1 <nil>} <nil>
&{1 0 1 <nil>} <nil>
&{1 0 1 <nil>} <nil>
&{1 0 1 <nil>} <nil>
&{1 0 1 <nil>} <nil>
&{1 0 1 <nil>} <nil>
&{1 0 1 <nil>} <nil>
&{1 0 1 <nil>} <nil>
&{1 0 1 <nil>} <nil>
&{1 0 1 <nil>} <nil>
&{1 0 1 <nil>} <nil>
&{1 0 1 <nil>} <nil>
&{1 0 1 <nil>} <nil>
&{1 0 1 <nil>} <nil>
&{1 0 1 <nil>} <nil>
&{1 0 1 <nil>} <nil>
&{1 0 1 <nil>} <nil>
&{1 0 1 <nil>} <nil>
&{1 0 1 <nil>} <nil>
&{1 0 1 <nil>} <nil>
&{1 0 1 <nil>} <nil>
&{1 0 1 <nil>} <nil>
&{1 0 1 <nil>} <nil>
&{1 0 1 <nil>} <nil>
&{1 0 1 <nil>} <nil>
&{1 0 1 <nil>} <nil>
&{1 0 1 <nil>} <nil>
&{1 0 1 <nil>} <nil>
&{1 0 1 <nil>} <nil>
&{1 0 1 <nil>} <nil>
&{1 0 1 <nil>} <nil>
&{1 0 1 <nil>} <nil>
&{1 0 1 <nil>} <nil>
&{1 0 1 <nil>} <nil>
&{1 0 1 <nil>} <nil>
&{1 0 1 <nil>} <nil>
&{1 0 1 <nil>} <nil>
&{1 0 1 <nil>} <nil>
&{1 0 1 <nil>} <nil>
&{1 0 1 <nil>} <nil>
&{1 0 1 <nil>} <nil>
&{1 0 1 <nil>} <nil>
&{1 0 1 <nil>} <nil>
&{1 0 1 <nil>} <nil>
&{1 0 1 <nil>} <nil>
&{1 0 1 <nil>} <nil>
&{1 0 1 <nil>} <nil>
&{1 0 1 <nil>} <nil>
&{1 0 1 <nil>} <nil>
&{1 0 1 <nil>} <nil>
&{1 0 1 <nil>} <nil>
&{1 0 1 <nil>} <nil>
&{1 0 1 <nil>} <nil>
&{1 0 1 <nil>} <nil>
&{1 0 1 <nil>} <nil>
&{1 0 1 <nil>} <nil>
&{1 0 1 <nil>} <nil>
&{1 0 1 <nil>} <nil>
&{1 0 1 <nil>} <nil>
&{1 0 1 <nil>} <nil>
&{1 0 1 <nil>} <nil>
&{1 0 1 <nil>} <nil>
&{1 0 1 <nil>} <nil>
&{1 0 1 <nil>} <nil>
&{1 0 1 <nil>} <nil>
&{1 0 1 <nil>} <nil>
&{1 0 1 <nil>} <nil>
&{1 0 1 <nil>} <nil>
&{1 0 1 <nil>} <nil>
&{1 0 1 <nil>} <nil>
&{1 0 1 <nil>} <nil>
&{1 0 1 <nil>} <nil>
&{1 0 1 <nil>} <nil>
&{1 0 1 <nil>} <nil>
&{1 0 1 <nil>} <nil>
&{1 0 1 <nil>} <nil>
&{1 0 1 <nil>} <nil>
&{1 0 1 <nil>} <nil>
&{1 0 1 <nil>} <nil>
&{1 0 1 <nil>} <nil>
&{1 0 1 <nil>} <nil>
&{1 0 1 <nil>} <nil>
&{1 0 1 <nil>} <nil>
&{1 0 1 <nil>} <nil>
&{1 0 1 <nil>} <nil>
&{1 0 1 <nil>} <nil>
&{1 0 1 <nil>} <nil>
&{1 0 1 <nil>} <nil>
&{1 0 1 <nil>} <nil>
&{1 0 1 <nil>} <nil>
&{1 0 1 <nil>} <nil>
&{1 0 1 <nil>} <nil>
&{1 0 1 <nil>} <nil>
&{1 0 1 <nil>} <nil>
&{1 0 1 <nil>} <nil>
&{1 0 1 <nil>} <nil>
&{1 0 1 <nil>} <nil>
&{1 0 1 <nil>} <nil>
&{1 0 1 <nil>} <nil>
&{1 0 1 <nil>} <nil>
&{1 0 1 <nil>} <nil>
&{1 0 1 <nil>} <nil>
&{1 0 1 <nil>} <nil>
&{1 0 1 <nil>} <nil>
&{1 0 1 <nil>} <nil>
&{1 0 1 <nil>} <nil>
&{1 0 1 <nil>} <nil>
&{1 0 1 <nil>} <nil>
&{1 0 1 <nil>} <nil>
&{1 0 1 <nil>} <nil>
&{1 0 1 <nil>} <nil>
&{1 0 1 <nil>} <nil>
&{1 0 1 <nil>} <nil>
&{1 0 1 <nil>} <nil>
&{1 0 1 <nil>} <nil>
&{1 0 1 <nil>} <nil>
&{1 0 1 <nil>} <nil>
&{1 0 1 <nil>} <nil>
&{1 0 1 <nil>} <nil>
&{1 0 1 <nil>} <nil>
&{1 0 1 <nil>} <nil>
&{1 0 1 <nil>} <nil>
&{1 0 1 <nil>} <nil>
&{1 0 1 <nil>} <nil>
&{1 0 1 <nil>} <nil>
&{1 0 1 <nil>} <nil>
&{1 0 1 <nil>} <nil>
&{1 0 1 <nil>} <nil>
&{1 0 1 <nil>} <nil>
&{1 0 1 <nil>} <nil>
&{1 0 1 <nil>} <nil>
&{1 0 1 <nil>} <nil>
&{1 0 1 <nil>} <nil>
&{1 0 1 <nil>} <nil>
&{1 0 1 <nil>} <nil>
&{1 0 1 <nil>} <nil>
&{1 0 1 <nil>} <nil>
&{1 0 1 <nil>} <nil>
&{1 0 1 <nil>} <nil>
&{1 0 1 <nil>} <nil>
&{1 0 1 <nil>} <nil>
&{1 0 1 <nil>} <nil>
&{1 0 1 <nil>} <nil>
&{1 0 1 <nil>} <nil>
&{1 0 1 <nil>} <nil>
&{1 0 1 <nil>} <nil>
&{1 0 1 <nil>} <nil>
&{1 0 1 <nil>} <nil>
&{1 0 1 <nil>} <nil>
&{1 0 1 <nil>} <nil>
&{1 0 1 <nil>} <nil>
&{1 0 1 <nil>} <nil>
&{1 0 1 <nil>} <nil>
&{1 0 1 <nil>} <nil>
&{1 0 1 <nil>} <nil>
&{1 0 1 <nil>} <nil>
&{1 0 1 <nil>} <nil>
&{1 0 1 <nil>} <nil>
&{1 0 1 <nil>} <nil>
&{1 0 1 <nil>} <nil>
&{1 0 1 <nil>} <nil>
&{1 0 1 <nil>} <nil>
&{1 0 1 <nil>} <nil>
&{1 0 1 <nil>} <nil>
&{1 0 1 <nil>} <nil>
&{1 0 1 <nil>} <nil>
&{1 0 1 <nil>} <nil>
&{1 0 1 <nil>} <nil>
&{1 0 1 <nil>} <nil>
&{1 0 1 <nil>} <nil>
&{1 0 1 <nil>} <nil>
&{1 0 1 <nil>} <nil>
&{1 0 1 <nil>} <nil>
&{1 0 1 <nil>} <nil>
&{1 0 1 <nil>} <nil>
&{1 0 1 <nil>} <nil>
&{1 0 1 <nil>} <nil>
&{1 0 1 <nil>} <nil>
&{1 0 1 <nil>} <nil>
&{1 0 1 <nil>} <nil>
&{1 0 1 <nil>} <nil>
&{1 0 1 <nil>} <nil>
&{1 0 1 <nil>} <nil>
&{1 0 1 <nil>} <nil>
&{1 0 1 <nil>} <nil>
&{1 0 1 <nil>} <nil>
&{1 0 1 <nil>} <nil>
&{1 0 1 <nil>} <nil>
&{1 0 1 <nil>} <nil>
&{1 0 1 <nil>} <nil>
&{1 0 1 <nil>} <nil>
&{1 0 1 <nil>} <nil>
&{1 0 1 <nil>} <nil>
&{1 0 1 <nil>} <nil>
&{1 0 1 <nil>} <nil>
&{1 0 1 <nil>} <nil>
&{1 0 1 <nil>} <nil>
&{1 0 1 <nil>} <nil>
&{1 0 1 <nil>} <nil>
&{1 0 1 <nil>} <nil>
&{1 0 1 <nil>} <nil>
&{1 0 1 <nil>} <nil>
&{1 0 1 <nil>} <nil>
&{1 0 1 <nil>} <nil>
&{1 0 1 <nil>} <nil>
&{1 0 1 <nil>} <nil>
&{1 0 1 <nil>} <nil>
&{1 0 1 <nil>} <nil>
&{1 0 1 <nil>} <nil>
&{1 0 1 <nil>} <nil>
&{1 0 1 <nil>} <nil>
&{1 0 1 <nil>} <nil>
&{1 0 1 <nil>} <nil>
&{1 0 1 <nil>} <nil>
&{1 0 1 <nil>} <nil>
&{1 0 1 <nil>} <nil>
&{1 0 1 <nil>} <nil>
&{1 0 1 <nil>} <nil>
&{1 0 1 <nil>} <nil>
&{1 0 1 <nil>} <nil>
&{1 0 1 <nil>} <nil>
&{1 0 1 <nil>} <nil>
&{1 0 1 <nil>} <nil>
&{1 0 1 <nil>} <nil>
&{1 0 1 <nil>} <nil>
&{1 0 1 <nil>} <nil>
&{1 0 1 <nil>} <nil>
&{1 0 1 <nil>} <nil>
&{1 0 1 <nil>} <nil>
&{1 0 1 <nil>} <nil>
&{1 0 1 <nil>} <nil>
&{1 0 1 <nil>} <nil>
&{1 0 1 <nil>} <nil>
&{1 0 1 <nil>} <nil>
&{1 0 1 <nil>} <nil>
&{1 0 1 <nil>} <nil>
&{1 0 1 <nil>} <nil>
&{1 0 1 <nil>} <nil>
&{1 0 1 <nil>} <nil>
&{1 0 1 <nil>} <nil>
&{1 0 1 <nil>} <nil>
&{1 0 1 <nil>} <nil>
&{1 0 1 <nil>} <nil>
&{1 0 1 <nil>} <nil>
&{1 0 1 <nil>} <nil>
&{1 0 1 <nil>} <nil>
&{1 0 1 <nil>} <nil>
&{1 0 1 <nil>} <nil>
&{1 0 1 <nil>} <nil>
&{1 0 1 <nil>} <nil>
&{1 0 1 <nil>} <nil>
&{1 0 1 <nil>} <nil>
&{1 0 1 <nil>} <nil>
&{1 0 1 <nil>} <nil>
&{1 0 1 <nil>} <nil>
&{1 0 1 <nil>} <nil>
&{1 0 1 <nil>} <nil>
&{1 0 1 <nil>} <nil>
&{1 0 1 <nil>} <nil>
&{1 0 1 <nil>} <nil>
&{1 0 1 <nil>} <nil>
&{1 0 1 <nil>} <nil>
&{1 0 1 <nil>} <nil>
&{1 0 1 <nil>} <nil>
&{1 0 1 <nil>} <nil>
&{1 0 1 <nil>} <nil>
&{1 0 1 <nil>} <nil>
&{1 0 1 <nil>} <nil>
&{1 0 1 <nil>} <nil>
&{1 0 1 <nil>} <nil>
&{1 0 1 <nil>} <nil>
&{1 0 1 <nil>} <nil>
&{1 0 1 <nil>} <nil>
&{1 0 1 <nil>} <nil>
&{1 0 1 <nil>} <nil>
&{1 0 1 <nil>} <nil>
&{1 0 1 <nil>} <nil>
&{1 0 1 <nil>} <nil>
&{1 0 1 <nil>} <nil>
&{1 0 1 <nil>} <nil>
&{1 0 1 <nil>} <nil>
&{1 0 1 <nil>} <nil>
&{1 0 1 <nil>} <nil>
&{1 0 1 <nil>} <nil>
&{1 0 1 <nil>} <nil>
&{1 0 1 <nil>} <nil>
&{1 0 1 <nil>} <nil>
&{1 0 1 <nil>} <nil>
&{1 0 1 <nil>} <nil>
&{1 0 1 <nil>} <nil>
&{1 0 1 <nil>} <nil>
&{1 0 1 <nil>} <nil>
&{1 0 1 <nil>} <nil>
&{1 0 1 <nil>} <nil>
&{1 0 1 <nil>} <nil>
&{1 0 1 <nil>} <nil>
&{1 0 1 <nil>} <nil>
&{1 0 1 <nil>} <nil>
&{1 0 1 <nil>} <nil>
&{1 0 1 <nil>} <nil>
&{1 0 1 <nil>} <nil>
&{1 0 1 <nil>} <nil>
&{1 0 1 <nil>} <nil>
&{1 0 1 <nil>} <nil>
&{1 0 1 <nil>} <nil>
&{1 0 1 <nil>} <nil>
&{1 0 1 <nil>} <nil>
&{1 0 1 <nil>} <nil>
&{1 0 1 <nil>} <nil>
&{1 0 1 <nil>} <nil>
&{1 0 1 <nil>} <nil>
&{1 0 1 <nil>} <nil>
&{1 0 1 <nil>} <nil>
&{1 0 1 <nil>} <nil>
&{1 0 1 <nil>} <nil>
&{1 0 1 <nil>} <nil>
&{1 0 1 <nil>} <nil>
&{1 0 1 <nil>} <nil>
&{1 0 1 <nil>} <nil>
&{1 0 1 <nil>} <nil>
&{1 0 1 <nil>} <nil>
&{1 0 1 <nil>} <nil>
&{1 0 1 <nil>} <nil>
&{1 0 1 <nil>} <nil>
&{1 0 1 <nil>} <nil>
&{1 0 1 <nil>} <nil>
&{1 0 1 <nil>} <nil>
&{1 0 1 <nil>} <nil>
&{1 0 1 <nil>} <nil>
&{1 0 1 <nil>} <nil>
&{1 0 1 <nil>} <nil>
&{1 0 1 <nil>} <nil>
&{1 0 1 <nil>} <nil>
&{1 0 1 <nil>} <nil>
&{1 0 1 <nil>} <nil>
&{1 0 1 <nil>} <nil>
&{1 0 1 <nil>} <nil>
&{1 0 1 <nil>} <nil>
&{1 0 1 <nil>} <nil>
&{1 0 1 <nil>} <nil>
&{1 0 1 <nil>} <nil>
&{1 0 1 <nil>} <nil>
&{1 0 1 <nil>} <nil>
&{1 0 1 <nil>} <nil>
&{1 0 1 <nil>} <nil>
&{1 0 1 <nil>} <nil>
&{1 0 1 <nil>} <nil>
&{1 0 1 <nil>} <nil>
&{1 0 1 <nil>} <nil>
&{1 0 1 <nil>} <nil>
&{1 0 1 <nil>} <nil>
&{1 0 1 <nil>} <nil>
&{1 0 1 <nil>} <nil>
&{1 0 1 <nil>} <nil>
&{1 0 1 <nil>} <nil>
&{1 0 1 <nil>} <nil>
&{1 0 1 <nil>} <nil>
&{1 0 1 <nil>} <nil>
&{1 0 1 <nil>} <nil>
&{1 0 1 <nil>} <nil>
&{1 0 1 <nil>} <nil>
&{1 0 1 <nil>} <nil>
&{1 0 1 <nil>} <nil>
&{1 0 1 <nil>} <nil>
&{1 0 1 <nil>} <nil>
&{1 0 1 <nil>} <nil>
&{1 0 1 <nil>} <nil>
&{1 0 1 <nil>} <nil>
&{1 0 1 <nil>} <nil>
&{1 0 1 <nil>} <nil>
&{1 0 1 <nil>} <nil>
&{1 0 1 <nil>} <nil>
&{1 0 1 <nil>} <nil>
&{1 0 1 <nil>} <nil>
&{1 0 1 <nil>} <nil>
&{1 0 1 <nil>} <nil>
&{1 0 1 <nil>} <nil>
&{1 0 1 <nil>} <nil>
&{1 0 1 <nil>} <nil>
&{1 0 1 <nil>} <nil>
&{1 0 1 <nil>} <nil>
&{1 0 1 <nil>} <nil>
&{1 0 1 <nil>} <nil>
&{1 0 1 <nil>} <nil>
&{1 0 1 <nil>} <nil>
&{1 0 1 <nil>} <nil>
&{1 0 1 <nil>} <nil>
&{1 0 1 <nil>} <nil>
&{1 0 1 <nil>} <nil>
&{1 0 1 <nil>} <nil>
&{1 0 1 <nil>} <nil>
&{1 0 1 <nil>} <nil>
&{1 0 1 <nil>} <nil>
&{1 0 1 <nil>} <nil>
&{1 0 1 <nil>} <nil>
&{1 0 1 <nil>} <nil>
&{1 0 1 <nil>} <nil>
&{1 0 1 <nil>} <nil>
&{1 0 1 <nil>} <nil>
&{1 0 1 <nil>} <nil>
&{1 0 1 <nil>} <nil>
&{1 0 1 <nil>} <nil>
&{1 0 1 <nil>} <nil>
&{1 0 1 <nil>} <nil>
&{1 0 1 <nil>} <nil>
&{1 0 1 <nil>} <nil>
&{1 0 1 <nil>} <nil>
&{1 0 1 <nil>} <nil>
&{1 0 1 <nil>} <nil>
&{1 0 1 <nil>} <nil>
&{1 0 1 <nil>} <nil>
&{1 0 1 <nil>} <nil>
&{1 0 1 <nil>} <nil>
&{1 0 1 <nil>} <nil>
&{1 0 1 <nil>} <nil>
&{1 0 1 <nil>} <nil>
&{1 0 1 <nil>} <nil>
&{1 0 1 <nil>} <nil>
&{1 0 1 <nil>} <nil>
&{1 0 1 <nil>} <nil>
&{1 0 1 <nil>} <nil>
&{1 0 1 <nil>} <nil>
&{1 0 1 <nil>} <nil>
&{1 0 1 <nil>} <nil>
&{1 0 1 <nil>} <nil>
&{1 0 1 <nil>} <nil>
&{1 0 1 <nil>} <nil>
&{1 0 1 <nil>} <nil>
&{1 0 1 <nil>} <nil>
&{1 0 1 <nil>} <nil>
&{1 0 1 <nil>} <nil>
&{1 0 1 <nil>} <nil>
&{1 0 1 <nil>} <nil>
&{1 0 1 <nil>} <nil>
&{1 0 1 <nil>} <nil>
&{1 0 1 <nil>} <nil>
&{1 0 1 <nil>} <nil>
&{1 0 1 <nil>} <nil>
&{1 0 1 <nil>} <nil>
&{1 0 1 <nil>} <nil>
&{1 0 1 <nil>} <nil>
&{1 0 1 <nil>} <nil>
&{1 0 1 <nil>} <nil>
&{1 0 1 <nil>} <nil>
&{1 0 1 <nil>} <nil>
&{1 0 1 <nil>} <nil>
&{1 0 1 <nil>} <nil>
&{1 0 1 <nil>} <nil>
&{1 0 1 <nil>} <nil>
&{1 0 1 <nil>} <nil>
&{1 0 1 <nil>} <nil>
&{1 0 1 <nil>} <nil>
&{1 0 1 <nil>} <nil>
&{1 0 1 <nil>} <nil>
&{1 0 1 <nil>} <nil>
&{1 0 1 <nil>} <nil>
&{1 0 1 <nil>} <nil>
&{1 0 1 <nil>} <nil>
&{1 0 1 <nil>} <nil>
&{1 0 1 <nil>} <nil>
&{1 0 1 <nil>} <nil>
&{1 0 1 <nil>} <nil>
&{1 0 1 <nil>} <nil>
&{1 0 1 <nil>} <nil>
&{1 0 1 <nil>} <nil>
&{1 0 1 <nil>} <nil>
&{1 0 1 <nil>} <nil>
&{1 0 1 <nil>} <nil>
&{1 0 1 <nil>} <nil>
&{1 0 1 <nil>} <nil>
&{1 0 1 <nil>} <nil>
&{1 0 1 <nil>} <nil>
&{1 0 1 <nil>} <nil>
&{1 0 1 <nil>} <nil>
&{1 0 1 <nil>} <nil>
&{1 0 1 <nil>} <nil>
&{1 0 1 <nil>} <nil>
&{1 0 1 <nil>} <nil>
&{1 0 1 <nil>} <nil>
&{1 0 1 <nil>} <nil>
&{1 0 1 <nil>} <nil>
&{1 0 1 <nil>} <nil>
&{1 0 1 <nil>} <nil>
&{1 0 1 <nil>} <nil>
&{1 0 1 <nil>} <nil>
&{1 0 1 <nil>} <nil>
&{1 0 1 <nil>} <nil>
&{1 0 1 <nil>} <nil>
&{1 0 1 <nil>} <nil>
&{1 0 1 <nil>} <nil>
&{1 0 1 <nil>} <nil>
&{1 0 1 <nil>} <nil>
&{1 0 1 <nil>} <nil>
&{1 0 1 <nil>} <nil>
&{1 0 1 <nil>} <nil>
&{1 0 1 <nil>} <nil>
&{1 0 1 <nil>} <nil>
&{1 0 1 <nil>} <nil>
&{1 0 1 <nil>} <nil>
&{1 0 1 <nil>} <nil>
&{1 0 1 <nil>} <nil>
&{1 0 1 <nil>} <nil>
&{1 0 1 <nil>} <nil>
&{1 0 1 <nil>} <nil>
&{1 0 1 <nil>} <nil>
&{1 0 1 <nil>} <nil>
&{1 0 1 <nil>} <nil>
&{1 0 1 <nil>} <nil>
&{1 0 1 <nil>} <nil>
&{1 0 1 <nil>} <nil>
&{1 0 1 <nil>} <nil>
&{1 0 1 <nil>} <nil>
&{1 0 1 <nil>} <nil>
&{1 0 1 <nil>} <nil>
&{1 0 1 <nil>} <nil>
&{1 0 1 <nil>} <nil>
&{1 0 1 <nil>} <nil>
&{1 0 1 <nil>} <nil>
&{1 0 1 <nil>} <nil>
&{1 0 1 <nil>} <nil>
&{1 0 1 <nil>} <nil>
&{1 0 1 <nil>} <nil>
&{1 0 1 <nil>} <nil>
&{1 0 1 <nil>} <nil>
&{1 0 1 <nil>} <nil>
&{1 0 1 <nil>} <nil>
&{1 0 1 <nil>} <nil>
&{1 0 1 <nil>} <nil>
&{1 0 1 <nil>} <nil>
&{1 0 1 <nil>} <nil>
&{1 0 1 <nil>} <nil>
&{1 0 1 <nil>} <nil>
&{1 0 1 <nil>} <nil>
&{1 0 1 <nil>} <nil>
&{1 0 1 <nil>} <nil>
&{1 0 1 <nil>} <nil>
&{1 0 1 <nil>} <nil>
&{1 0 1 <nil>} <nil>
&{1 0 1 <nil>} <nil>
&{1 0 1 <nil>} <nil>
&{1 0 1 <nil>} <nil>
&{1 0 1 <nil>} <nil>
&{1 0 1 <nil>} <nil>
&{1 0 1 <nil>} <nil>
&{1 0 1 <nil>} <nil>
&{1 0 1 <nil>} <nil>
&{1 0 1 <nil>} <nil>
&{1 0 1 <nil>} <nil>
&{1 0 1 <nil>} <nil>
&{1 0 1 <nil>} <nil>
&{1 0 1 <nil>} <nil>
&{1 0 1 <nil>} <nil>
&{1 0 1 <nil>} <nil>
&{1 0 1 <nil>} <nil>
&{1 0 1 <nil>} <nil>
&{1 0 1 <nil>} <nil>
&{1 0 1 <nil>} <nil>
&{1 0 1 <nil>} <nil>
&{1 0 1 <nil>} <nil>
&{1 0 1 <nil>} <nil>
&{1 0 1 <nil>} <nil>
&{1 0 1 <nil>} <nil>
&{1 0 1 <nil>} <nil>
&{1 0 1 <nil>} <nil>
&{1 0 1 <nil>} <nil>
&{1 0 1 <nil>} <nil>
&{1 0 1 <nil>} <nil>
&{1 0 1 <nil>} <nil>
&{1 0 1 <nil>} <nil>
&{1 0 1 <nil>} <nil>
&{1 0 1 <nil>} <nil>
&{1 0 1 <nil>} <nil>
&{1 0 1 <nil>} <nil>
&{1 0 1 <nil>} <nil>
&{1 0 1 <nil>} <nil>
&{1 0 1 <nil>} <nil>
&{1 0 1 <nil>} <nil>
&{1 0 1 <nil>} <nil>
&{1 0 1 <nil>} <nil>
&{1 0 1 <nil>} <nil>
&{1 0 1 <nil>} <nil>
&{1 0 1 <nil>} <nil>
&{1 0 1 <nil>} <nil>
&{1 0 1 <nil>} <nil>
&{1 0 1 <nil>} <nil>
&{1 0 1 <nil>} <nil>
&{1 0 1 <nil>} <nil>
&{1 0 1 <nil>} <nil>
&{1 0 1 <nil>} <nil>
&{1 0 1 <nil>} <nil>
&{1 0 1 <nil>} <nil>
&{1 0 1 <nil>} <nil>
&{1 0 1 <nil>} <nil>
&{1 0 1 <nil>} <nil>
&{1 0 1 <nil>} <nil>
&{1 0 1 <nil>} <nil>
&{1 0 1 <nil>} <nil>
&{1 0 1 <nil>} <nil>
&{1 0 1 <nil>} <nil>
&{1 0 1 <nil>} <nil>
&{1 0 1 <nil>} <nil>
&{1 0 1 <nil>} <nil>
&{1 0 1 <nil>} <nil>
&{1 0 1 <nil>} <nil>
&{1 0 1 <nil>} <nil>
&{1 0 1 <nil>} <nil>
&{1 0 1 <nil>} <nil>
&{1 0 1 <nil>} <nil>
&{1 0 1 <nil>} <nil>
&{1 0 1 <nil>} <nil>
&{1 0 1 <nil>} <nil>
&{1 0 1 <nil>} <nil>
&{1 0 1 <nil>} <nil>
&{1 0 1 <nil>} <nil>
&{1 0 1 <nil>} <nil>
&{1 0 1 <nil>} <nil>
&{1 0 1 <nil>} <nil>
&{1 0 1 <nil>} <nil>
&{1 0 1 <nil>} <nil>
&{1 0 1 <nil>} <nil>
&{1 0 1 <nil>} <nil>
&{1 0 1 <nil>} <nil>
&{1 0 1 <nil>} <nil>
&{1 0 1 <nil>} <nil>
&{1 0 1 <nil>} <nil>
&{1 0 1 <nil>} <nil>
&{1 0 1 <nil>} <nil>
&{1 0 1 <nil>} <nil>
&{1 0 1 <nil>} <nil>
&{1 0 1 <nil>} <nil>
&{1 0 1 <nil>} <nil>
&{1 0 1 <nil>} <nil>
&{1 0 1 <nil>} <nil>
&{1 0 1 <nil>} <nil>
&{1 0 1 <nil>} <nil>
&{1 0 1 <nil>} <nil>
&{1 0 1 <nil>} <nil>
&{1 0 1 <nil>} <nil>
&{1 0 1 <nil>} <nil>
&{1 0 1 <nil>} <nil>
&{1 0 1 <nil>} <nil>
&{1 0 1 <nil>} <nil>
&{1 0 1 <nil>} <nil>
&{1 0 1 <nil>} <nil>
&{1 0 1 <nil>} <nil>
&{1 0 1 <nil>} <nil>
&{1 0 1 <nil>} <nil>
&{1 0 1 <nil>} <nil>
&{1 0 1 <nil>} <nil>
&{1 0 1 <nil>} <nil>
&{1 0 1 <nil>} <nil>
&{1 0 1 <nil>} <nil>
&{1 0 1 <nil>} <nil>
&{1 0 1 <nil>} <nil>
&{1 0 1 <nil>} <nil>
&{1 0 1 <nil>} <nil>
&{1 0 1 <nil>} <nil>
&{1 0 1 <nil>} <nil>
&{1 0 1 <nil>} <nil>
&{1 0 1 <nil>} <nil>
&{1 0 1 <nil>} <nil>
&{1 0 1 <nil>} <nil>
&{1 0 1 <nil>} <nil>
&{1 0 1 <nil>} <nil>
&{1 0 1 <nil>} <nil>
&{1 0 1 <nil>} <nil>
&{1 0 1 <nil>} <nil>
&{1 0 1 <nil>} <nil>
&{1 0 1 <nil>} <nil>
&{1 0 1 <nil>} <nil>
&{1 0 1 <nil>} <nil>
&{1 0 1 <nil>} <nil>
&{1 0 1 <nil>} <nil>
&{1 0 1 <nil>} <nil>
&{1 0 1 <nil>} <nil>
&{1 0 1 <nil>} <nil>
&{1 0 1 <nil>} <nil>
&{1 0 1 <nil>} <nil>
&{1 0 1 <nil>} <nil>
&{1 0 1 <nil>} <nil>
&{1 0 1 <nil>} <nil>
&{1 0 1 <nil>} <nil>
&{1 0 1 <nil>} <nil>
&{1 0 1 <nil>} <nil>
&{1 0 1 <nil>} <nil>
&{1 0 1 <nil>} <nil>
&{1 0 1 <nil>} <nil>
&{1 0 1 <nil>} <nil>
&{1 0 1 <nil>} <nil>
&{1 0 1 <nil>} <nil>
&{1 0 1 <nil>} <nil>
&{1 0 1 <nil>} <nil>
&{1 0 1 <nil>} <nil>
&{1 0 1 <nil>} <nil>
&{1 0 1 <nil>} <nil>
&{1 0 1 <nil>} <nil>
&{1 0 1 <nil>} <nil>
&{1 0 1 <nil>} <nil>
&{1 0 1 <nil>} <nil>
&{1 0 1 <nil>} <nil>
&{1 0 1 <nil>} <nil>
&{1 0 1 <nil>} <nil>
&{1 0 1 <nil>} <nil>
&{1 0 1 <nil>} <nil>
&{1 0 1 <nil>} <nil>
&{1 0 1 <nil>} <nil>
&{1 0 1 <nil>} <nil>
&{1 0 1 <nil>} <nil>
&{1 0 1 <nil>} <nil>
&{1 0 1 <nil>} <nil>
&{1 0 1 <nil>} <nil>
&{1 0 1 <nil>} <nil>
&{1 0 1 <nil>} <nil>
&{1 0 1 <nil>} <nil>
&{1 0 1 <nil>} <nil>
&{1 0 1 <nil>} <nil>
&{1 0 1 <nil>} <nil>
&{1 0 1 <nil>} <nil>
&{1 0 1 <nil>} <nil>
&{1 0 1 <nil>} <nil>
&{1 0 1 <nil>} <nil>
&{1 0 1 <nil>} <nil>
&{1 0 1 <nil>} <nil>
&{1 0 1 <nil>} <nil>
&{1 0 1 <nil>} <nil>
&{1 0 1 <nil>} <nil>
&{1 0 1 <nil>} <nil>
&{1 0 1 <nil>} <nil>
&{1 0 1 <nil>} <nil>
&{1 0 1 <nil>} <nil>
&{1 0 1 <nil>} <nil>
&{1 0 1 <nil>} <nil>
&{1 0 1 <nil>} <nil>
&{1 0 1 <nil>} <nil>
&{1 0 1 <nil>} <nil>
&{1 0 1 <nil>} <nil>
&{1 0 1 <nil>} <nil>
&{1 0 1 <nil>} <nil>
&{1 0 1 <nil>} <nil>
&{1 0 1 <nil>} <nil>
&{1 0 1 <nil>} <nil>
&{1 0 1 <nil>} <nil>
&{1 0 1 <nil>} <nil>
&{1 0 1 <nil>} <nil>
&{1 0 1 <nil>} <nil>
&{1 0 1 <nil>} <nil>
&{1 0 1 <nil>} <nil>
&{1 0 1 <nil>} <nil>
&{1 0 1 <nil>} <nil>
&{1 0 1 <nil>} <nil>
&{1 0 1 <nil>} <nil>
&{1 0 1 <nil>} <nil>
&{1 0 1 <nil>} <nil>
&{1 0 1 <nil>} <nil>
&{1 0 1 <nil>} <nil>
&{1 0 1 <nil>} <nil>
&{1 0 1 <nil>} <nil>
&{1 0 1 <nil>} <nil>
&{1 0 1 <nil>} <nil>
&{1 0 1 <nil>} <nil>
&{1 0 1 <nil>} <nil>
&{1 0 1 <nil>} <nil>
&{1 0 1 <nil>} <nil>
&{1 0 1 <nil>} <nil>
&{1 0 1 <nil>} <nil>
&{1 0 1 <nil>} <nil>
&{1 0 1 <nil>} <nil>
&{1 0 1 <nil>} <nil>
&{1 0 1 <nil>} <nil>
&{1 0 1 <nil>} <nil>
&{1 0 1 <nil>} <nil>
&{1 0 1 <nil>} <nil>
&{1 0 1 <nil>} <nil>
&{1 0 1 <nil>} <nil>
&{1 0 1 <nil>} <nil>
&{1 0 1 <nil>} <nil>
&{1 0 1 <nil>} <nil>
&{1 0 1 <nil>} <nil>
&{1 0 1 <nil>} <nil>
&{1 0 1 <nil>} <nil>
&{1 0 1 <nil>} <nil>
&{1 0 1 <nil>} <nil>
&{1 0 1 <nil>} <nil>
&{1 0 1 <nil>} <nil>
&{1 0 1 <nil>} <nil>
&{1 0 1 <nil>} <nil>
&{1 0 1 <nil>} <nil>
&{1 0 1 <nil>} <nil>
&{1 0 1 <nil>} <nil>
&{1 0 1 <nil>} <nil>
&{1 0 1 <nil>} <nil>
&{1 0 1 <nil>} <nil>
&{1 0 1 <nil>} <nil>
&{1 0 1 <nil>} <nil>
&{1 0 1 <nil>} <nil>
&{1 0 1 <nil>} <nil>
&{1 0 1 <nil>} <nil>
&{1 0 1 <nil>} <nil>
&{1 0 1 <nil>} <nil>
&{1 0 1 <nil>} <nil>
&{1 0 1 <nil>} <nil>
&{1 0 1 <nil>} <nil>
&{1 0 1 <nil>} <nil>
&{1 0 1 <nil>} <nil>
&{1 0 1 <nil>} <nil>
&{1 0 1 <nil>} <nil>
&{1 0 1 <nil>} <nil>
&{1 0 1 <nil>} <nil>
&{1 0 1 <nil>} <nil>
&{1 0 1 <nil>} <nil>
&{1 0 1 <nil>} <nil>
&{1 0 1 <nil>} <nil>
&{1 0 1 <nil>} <nil>
&{1 0 1 <nil>} <nil>
&{1 0 1 <nil>} <nil>
&{1 0 1 <nil>} <nil>
&{1 0 1 <nil>} <nil>
&{1 0 1 <nil>} <nil>
&{1 0 1 <nil>} <nil>
&{1 0 1 <nil>} <nil>
&{1 0 1 <nil>} <nil>
&{1 0 1 <nil>} <nil>
&{1 0 1 <nil>} <nil>
&{1 0 1 <nil>} <nil>
&{1 0 1 <nil>} <nil>
&{1 0 1 <nil>} <nil>
&{1 0 1 <nil>} <nil>
&{1 0 1 <nil>} <nil>
&{1 0 1 <nil>} <nil>
&{1 0 1 <nil>} <nil>
&{1 0 1 <nil>} <nil>
&{1 0 1 <nil>} <nil>
&{1 0 1 <nil>} <nil>
&{1 0 1 <nil>} <nil>
&{1 0 1 <nil>} <nil>
&{1 0 1 <nil>} <nil>
&{1 0 1 <nil>} <nil>
&{1 0 1 <nil>} <nil>
&{1 0 1 <nil>} <nil>
&{1 0 1 <nil>} <nil>
&{1 0 1 <nil>} <nil>
&{1 0 1 <nil>} <nil>
&{1 0 1 <nil>} <nil>
&{1 0 1 <nil>} <nil>
&{1 0 1 <nil>} <nil>
&{1 0 1 <nil>} <nil>
&{1 0 1 <nil>} <nil>
&{1 0 1 <nil>} <nil>
&{1 0 1 <nil>} <nil>
&{1 0 1 <nil>} <nil>
&{1 0 1 <nil>} <nil>
&{1 0 1 <nil>} <nil>
&{1 0 1 <nil>} <nil>
&{1 0 1 <nil>} <nil>
&{1 0 1 <nil>} <nil>
&{1 0 1 <nil>} <nil>
&{1 0 1 <nil>} <nil>
&{1 0 1 <nil>} <nil>
&{1 0 1 <nil>} <nil>
&{1 0 1 <nil>} <nil>
&{1 0 1 <nil>} <nil>
&{1 0 1 <nil>} <nil>
&{1 0 1 <nil>} <nil>
&{1 0 1 <nil>} <nil>
&{1 0 1 <nil>} <nil>
&{1 0 1 <nil>} <nil>
&{1 0 1 <nil>} <nil>
&{1 0 1 <nil>} <nil>
&{1 0 1 <nil>} <nil>
&{1 0 1 <nil>} <nil>
&{1 0 1 <nil>} <nil>
&{1 0 1 <nil>} <nil>
&{1 0 1 <nil>} <nil>
&{1 0 1 <nil>} <nil>
&{1 0 1 <nil>} <nil>
&{1 0 1 <nil>} <nil>
&{1 0 1 <nil>} <nil>
&{1 0 1 <nil>} <nil>
&{1 0 1 <nil>} <nil>
&{1 0 1 <nil>} <nil>
&{1 0 1 <nil>} <nil>
&{1 0 1 <nil>} <nil>
&{1 0 1 <nil>} <nil>
&{1 0 1 <nil>} <nil>
&{1 0 1 <nil>} <nil>
&{1 0 1 <nil>} <nil>
&{1 0 1 <nil>} <nil>
&{1 0 1 <nil>} <nil>
[HTTP Server] http: panic serving 223.104.5.254:42811: runtime error: invalid memory address or nil pointer dereference
goroutine 575334 [running]:
net/http.(*conn).serve.func1(0xc00045d7c0)
	/usr/local/go/src/net/http/server.go:1767 +0x139
panic(0xb1e3a0, 0x120d790)
	/usr/local/go/src/runtime/panic.go:679 +0x1b2
main.main.func2(0xd42b40, 0xc0002202d0)
	/home/allen/Desktop/LaundryMachineSJTU_backend/example.go:69 +0x120
github.com/kataras/iris/context.DefaultNext(0xd42b40, 0xc0002202d0)
	/home/allen/go/src/github.com/kataras/iris/context/context.go:1328 +0x107
github.com/kataras/iris/context.(*context).Next(0xc0002202d0)
	/home/allen/go/src/github.com/kataras/iris/context/context.go:1337 +0x3e
github.com/iris-contrib/middleware/cors.(*Cors).Serve(0xc0002120a0, 0xd42b40, 0xc0002202d0)
	/home/allen/go/src/github.com/iris-contrib/middleware/cors/cors.go:185 +0x1af
github.com/kataras/iris/context.Do(0xd42b40, 0xc0002202d0, 0xc000210470, 0x2, 0x2)
	/home/allen/go/src/github.com/kataras/iris/context/context.go:1015 +0x81
github.com/kataras/iris/context.(*context).Do(0xc0002202d0, 0xc000210470, 0x2, 0x2)
	/home/allen/go/src/github.com/kataras/iris/context/context.go:1202 +0x55
github.com/kataras/iris/core/router.(*routerHandler).HandleRequest(0xc000242800, 0xd42b40, 0xc0002202d0)
	/home/allen/go/src/github.com/kataras/iris/core/router/handler.go:251 +0x556
github.com/kataras/iris/core/router.(*Router).BuildRouter.func1(0xd24d80, 0xc0002d4c40, 0xc00051a300)
	/home/allen/go/src/github.com/kataras/iris/core/router/router.go:85 +0x8f
github.com/kataras/iris/core/router.(*Router).ServeHTTP(0xc00009c180, 0xd24d80, 0xc0002d4c40, 0xc00051a300)
	/home/allen/go/src/github.com/kataras/iris/core/router/router.go:162 +0x48
net/http.serverHandler.ServeHTTP(0xc000214620, 0xd24d80, 0xc0002d4c40, 0xc00051a300)
	/usr/local/go/src/net/http/server.go:2802 +0xa4
net/http.(*conn).serve(0xc00045d7c0, 0xd275c0, 0xc0000dc1c0)
	/usr/local/go/src/net/http/server.go:1890 +0x875
created by net/http.(*Server).Serve
	/usr/local/go/src/net/http/server.go:2927 +0x38e
[HTTP Server] http: panic serving 223.104.5.254:42813: runtime error: invalid memory address or nil pointer dereference
goroutine 575396 [running]:
net/http.(*conn).serve.func1(0xc00019c1e0)
	/usr/local/go/src/net/http/server.go:1767 +0x139
panic(0xb1e3a0, 0x120d790)
	/usr/local/go/src/runtime/panic.go:679 +0x1b2
main.main.func2(0xd42b40, 0xc000124240)
	/home/allen/Desktop/LaundryMachineSJTU_backend/example.go:69 +0x120
github.com/kataras/iris/context.DefaultNext(0xd42b40, 0xc000124240)
	/home/allen/go/src/github.com/kataras/iris/context/context.go:1328 +0x107
github.com/kataras/iris/context.(*context).Next(0xc000124240)
	/home/allen/go/src/github.com/kataras/iris/context/context.go:1337 +0x3e
github.com/iris-contrib/middleware/cors.(*Cors).Serve(0xc0002120a0, 0xd42b40, 0xc000124240)
	/home/allen/go/src/github.com/iris-contrib/middleware/cors/cors.go:185 +0x1af
github.com/kataras/iris/context.Do(0xd42b40, 0xc000124240, 0xc000210470, 0x2, 0x2)
	/home/allen/go/src/github.com/kataras/iris/context/context.go:1015 +0x81
github.com/kataras/iris/context.(*context).Do(0xc000124240, 0xc000210470, 0x2, 0x2)
	/home/allen/go/src/github.com/kataras/iris/context/context.go:1202 +0x55
github.com/kataras/iris/core/router.(*routerHandler).HandleRequest(0xc000242800, 0xd42b40, 0xc000124240)
	/home/allen/go/src/github.com/kataras/iris/core/router/handler.go:251 +0x556
github.com/kataras/iris/core/router.(*Router).BuildRouter.func1(0xd24d80, 0xc0002fa380, 0xc00051a000)
	/home/allen/go/src/github.com/kataras/iris/core/router/router.go:85 +0x8f
github.com/kataras/iris/core/router.(*Router).ServeHTTP(0xc00009c180, 0xd24d80, 0xc0002fa380, 0xc00051a000)
	/home/allen/go/src/github.com/kataras/iris/core/router/router.go:162 +0x48
net/http.serverHandler.ServeHTTP(0xc000214620, 0xd24d80, 0xc0002fa380, 0xc00051a000)
	/usr/local/go/src/net/http/server.go:2802 +0xa4
net/http.(*conn).serve(0xc00019c1e0, 0xd275c0, 0xc00009c400)
	/usr/local/go/src/net/http/server.go:1890 +0x875
created by net/http.(*Server).Serve
	/usr/local/go/src/net/http/server.go:2927 +0x38e
[HTTP Server] http: panic serving 223.104.5.254:42812: runtime error: invalid memory address or nil pointer dereference
goroutine 575395 [running]:
net/http.(*conn).serve.func1(0xc00019c0a0)
	/usr/local/go/src/net/http/server.go:1767 +0x139
panic(0xb1e3a0, 0x120d790)
	/usr/local/go/src/runtime/panic.go:679 +0x1b2
main.main.func2(0xd42b40, 0xc0001e8090)
	/home/allen/Desktop/LaundryMachineSJTU_backend/example.go:69 +0x120
github.com/kataras/iris/context.DefaultNext(0xd42b40, 0xc0001e8090)
	/home/allen/go/src/github.com/kataras/iris/context/context.go:1328 +0x107
github.com/kataras/iris/context.(*context).Next(0xc0001e8090)
	/home/allen/go/src/github.com/kataras/iris/context/context.go:1337 +0x3e
github.com/iris-contrib/middleware/cors.(*Cors).Serve(0xc0002120a0, 0xd42b40, 0xc0001e8090)
	/home/allen/go/src/github.com/iris-contrib/middleware/cors/cors.go:185 +0x1af
github.com/kataras/iris/context.Do(0xd42b40, 0xc0001e8090, 0xc000210470, 0x2, 0x2)
	/home/allen/go/src/github.com/kataras/iris/context/context.go:1015 +0x81
github.com/kataras/iris/context.(*context).Do(0xc0001e8090, 0xc000210470, 0x2, 0x2)
	/home/allen/go/src/github.com/kataras/iris/context/context.go:1202 +0x55
github.com/kataras/iris/core/router.(*routerHandler).HandleRequest(0xc000242800, 0xd42b40, 0xc0001e8090)
	/home/allen/go/src/github.com/kataras/iris/core/router/handler.go:251 +0x556
github.com/kataras/iris/core/router.(*Router).BuildRouter.func1(0xd24d80, 0xc000618620, 0xc00051a100)
	/home/allen/go/src/github.com/kataras/iris/core/router/router.go:85 +0x8f
github.com/kataras/iris/core/router.(*Router).ServeHTTP(0xc00009c180, 0xd24d80, 0xc000618620, 0xc00051a100)
	/home/allen/go/src/github.com/kataras/iris/core/router/router.go:162 +0x48
net/http.serverHandler.ServeHTTP(0xc000214620, 0xd24d80, 0xc000618620, 0xc00051a100)
	/usr/local/go/src/net/http/server.go:2802 +0xa4
net/http.(*conn).serve(0xc00019c0a0, 0xd275c0, 0xc00009c340)
	/usr/local/go/src/net/http/server.go:1890 +0x875
created by net/http.(*Server).Serve
	/usr/local/go/src/net/http/server.go:2927 +0x38e
[HTTP Server] http: panic serving 223.104.5.254:42814: runtime error: invalid memory address or nil pointer dereference
goroutine 575393 [running]:
net/http.(*conn).serve.func1(0xc0003caa00)
	/usr/local/go/src/net/http/server.go:1767 +0x139
panic(0xb1e3a0, 0x120d790)
	/usr/local/go/src/runtime/panic.go:679 +0x1b2
main.main.func2(0xd42b40, 0xc0001e8240)
	/home/allen/Desktop/LaundryMachineSJTU_backend/example.go:69 +0x120
github.com/kataras/iris/context.DefaultNext(0xd42b40, 0xc0001e8240)
	/home/allen/go/src/github.com/kataras/iris/context/context.go:1328 +0x107
github.com/kataras/iris/context.(*context).Next(0xc0001e8240)
	/home/allen/go/src/github.com/kataras/iris/context/context.go:1337 +0x3e
github.com/iris-contrib/middleware/cors.(*Cors).Serve(0xc0002120a0, 0xd42b40, 0xc0001e8240)
	/home/allen/go/src/github.com/iris-contrib/middleware/cors/cors.go:185 +0x1af
github.com/kataras/iris/context.Do(0xd42b40, 0xc0001e8240, 0xc000210470, 0x2, 0x2)
	/home/allen/go/src/github.com/kataras/iris/context/context.go:1015 +0x81
github.com/kataras/iris/context.(*context).Do(0xc0001e8240, 0xc000210470, 0x2, 0x2)
	/home/allen/go/src/github.com/kataras/iris/context/context.go:1202 +0x55
github.com/kataras/iris/core/router.(*routerHandler).HandleRequest(0xc000242800, 0xd42b40, 0xc0001e8240)
	/home/allen/go/src/github.com/kataras/iris/core/router/handler.go:251 +0x556
github.com/kataras/iris/core/router.(*Router).BuildRouter.func1(0xd24d80, 0xc0002d4fc0, 0xc000370800)
	/home/allen/go/src/github.com/kataras/iris/core/router/router.go:85 +0x8f
github.com/kataras/iris/core/router.(*Router).ServeHTTP(0xc00009c180, 0xd24d80, 0xc0002d4fc0, 0xc000370800)
	/home/allen/go/src/github.com/kataras/iris/core/router/router.go:162 +0x48
net/http.serverHandler.ServeHTTP(0xc000214620, 0xd24d80, 0xc0002d4fc0, 0xc000370800)
	/usr/local/go/src/net/http/server.go:2802 +0xa4
net/http.(*conn).serve(0xc0003caa00, 0xd275c0, 0xc00009c680)
	/usr/local/go/src/net/http/server.go:1890 +0x875
created by net/http.(*Server).Serve
	/usr/local/go/src/net/http/server.go:2927 +0x38e
[HTTP Server] http: panic serving 223.104.5.254:42816: runtime error: invalid memory address or nil pointer dereference
goroutine 575412 [running]:
net/http.(*conn).serve.func1(0xc0004ec140)
	/usr/local/go/src/net/http/server.go:1767 +0x139
panic(0xb1e3a0, 0x120d790)
	/usr/local/go/src/runtime/panic.go:679 +0x1b2
main.main.func2(0xd42b40, 0xc0002203f0)
	/home/allen/Desktop/LaundryMachineSJTU_backend/example.go:69 +0x120
github.com/kataras/iris/context.DefaultNext(0xd42b40, 0xc0002203f0)
	/home/allen/go/src/github.com/kataras/iris/context/context.go:1328 +0x107
github.com/kataras/iris/context.(*context).Next(0xc0002203f0)
	/home/allen/go/src/github.com/kataras/iris/context/context.go:1337 +0x3e
github.com/iris-contrib/middleware/cors.(*Cors).Serve(0xc0002120a0, 0xd42b40, 0xc0002203f0)
	/home/allen/go/src/github.com/iris-contrib/middleware/cors/cors.go:185 +0x1af
github.com/kataras/iris/context.Do(0xd42b40, 0xc0002203f0, 0xc000210470, 0x2, 0x2)
	/home/allen/go/src/github.com/kataras/iris/context/context.go:1015 +0x81
github.com/kataras/iris/context.(*context).Do(0xc0002203f0, 0xc000210470, 0x2, 0x2)
	/home/allen/go/src/github.com/kataras/iris/context/context.go:1202 +0x55
github.com/kataras/iris/core/router.(*routerHandler).HandleRequest(0xc000242800, 0xd42b40, 0xc0002203f0)
	/home/allen/go/src/github.com/kataras/iris/core/router/handler.go:251 +0x556
github.com/kataras/iris/core/router.(*Router).BuildRouter.func1(0xd24d80, 0xc0003bfdc0, 0xc00027d200)
	/home/allen/go/src/github.com/kataras/iris/core/router/router.go:85 +0x8f
github.com/kataras/iris/core/router.(*Router).ServeHTTP(0xc00009c180, 0xd24d80, 0xc0003bfdc0, 0xc00027d200)
	/home/allen/go/src/github.com/kataras/iris/core/router/router.go:162 +0x48
net/http.serverHandler.ServeHTTP(0xc000214620, 0xd24d80, 0xc0003bfdc0, 0xc00027d200)
	/usr/local/go/src/net/http/server.go:2802 +0xa4
net/http.(*conn).serve(0xc0004ec140, 0xd275c0, 0xc0000dd9c0)
	/usr/local/go/src/net/http/server.go:1890 +0x875
created by net/http.(*Server).Serve
	/usr/local/go/src/net/http/server.go:2927 +0x38e
[HTTP Server] http: panic serving 223.104.5.254:42815: runtime error: invalid memory address or nil pointer dereference
goroutine 575413 [running]:
net/http.(*conn).serve.func1(0xc0004ec1e0)
	/usr/local/go/src/net/http/server.go:1767 +0x139
panic(0xb1e3a0, 0x120d790)
	/usr/local/go/src/runtime/panic.go:679 +0x1b2
main.main.func2(0xd42b40, 0xc0001e8360)
	/home/allen/Desktop/LaundryMachineSJTU_backend/example.go:69 +0x120
github.com/kataras/iris/context.DefaultNext(0xd42b40, 0xc0001e8360)
	/home/allen/go/src/github.com/kataras/iris/context/context.go:1328 +0x107
github.com/kataras/iris/context.(*context).Next(0xc0001e8360)
	/home/allen/go/src/github.com/kataras/iris/context/context.go:1337 +0x3e
github.com/iris-contrib/middleware/cors.(*Cors).Serve(0xc0002120a0, 0xd42b40, 0xc0001e8360)
	/home/allen/go/src/github.com/iris-contrib/middleware/cors/cors.go:185 +0x1af
github.com/kataras/iris/context.Do(0xd42b40, 0xc0001e8360, 0xc000210470, 0x2, 0x2)
	/home/allen/go/src/github.com/kataras/iris/context/context.go:1015 +0x81
github.com/kataras/iris/context.(*context).Do(0xc0001e8360, 0xc000210470, 0x2, 0x2)
	/home/allen/go/src/github.com/kataras/iris/context/context.go:1202 +0x55
github.com/kataras/iris/core/router.(*routerHandler).HandleRequest(0xc000242800, 0xd42b40, 0xc0001e8360)
	/home/allen/go/src/github.com/kataras/iris/core/router/handler.go:251 +0x556
github.com/kataras/iris/core/router.(*Router).BuildRouter.func1(0xd24d80, 0xc0002d55e0, 0xc0004e6300)
	/home/allen/go/src/github.com/kataras/iris/core/router/router.go:85 +0x8f
github.com/kataras/iris/core/router.(*Router).ServeHTTP(0xc00009c180, 0xd24d80, 0xc0002d55e0, 0xc0004e6300)
	/home/allen/go/src/github.com/kataras/iris/core/router/router.go:162 +0x48
net/http.serverHandler.ServeHTTP(0xc000214620, 0xd24d80, 0xc0002d55e0, 0xc0004e6300)
	/usr/local/go/src/net/http/server.go:2802 +0xa4
net/http.(*conn).serve(0xc0004ec1e0, 0xd275c0, 0xc0001d8600)
	/usr/local/go/src/net/http/server.go:1890 +0x875
created by net/http.(*Server).Serve
	/usr/local/go/src/net/http/server.go:2927 +0x38e
&{1 0 1 <nil>} <nil>
&{1 0 1 <nil>} <nil>
&{1 0 1 <nil>} <nil>
&{1 0 1 <nil>} <nil>
&{1 0 1 <nil>} <nil>
&{1 0 1 <nil>} <nil>
&{1 0 1 <nil>} <nil>
&{1 0 1 <nil>} <nil>
&{1 0 1 <nil>} <nil>
&{1 0 1 <nil>} <nil>
&{1 0 1 <nil>} <nil>
&{1 0 1 <nil>} <nil>
&{1 0 1 <nil>} <nil>
&{1 0 1 <nil>} <nil>
&{1 0 1 <nil>} <nil>
&{1 0 1 <nil>} <nil>
&{1 0 1 <nil>} <nil>
&{1 0 1 <nil>} <nil>
&{1 0 1 <nil>} <nil>
&{1 0 1 <nil>} <nil>
&{1 0 1 <nil>} <nil>
&{1 0 1 <nil>} <nil>
&{1 0 1 <nil>} <nil>
&{1 0 1 <nil>} <nil>
&{1 0 1 <nil>} <nil>
&{1 0 1 <nil>} <nil>
&{1 0 1 <nil>} <nil>
&{1 0 1 <nil>} <nil>
&{1 0 1 <nil>} <nil>
&{1 0 1 <nil>} <nil>
&{1 0 1 <nil>} <nil>
&{1 0 1 <nil>} <nil>
&{1 0 1 <nil>} <nil>
&{1 0 1 <nil>} <nil>
&{1 0 1 <nil>} <nil>
&{1 0 1 <nil>} <nil>
&{1 0 1 <nil>} <nil>
&{1 0 1 <nil>} <nil>
&{1 0 1 <nil>} <nil>
&{1 0 1 <nil>} <nil>
&{1 0 1 <nil>} <nil>
&{1 0 1 <nil>} <nil>
&{1 0 1 <nil>} <nil>
&{1 0 1 <nil>} <nil>
&{1 0 1 <nil>} <nil>
&{1 0 1 <nil>} <nil>
&{1 0 1 <nil>} <nil>
&{1 0 1 <nil>} <nil>
&{1 0 1 <nil>} <nil>
&{1 0 1 <nil>} <nil>
&{1 0 1 <nil>} <nil>
&{1 0 1 <nil>} <nil>
&{1 0 1 <nil>} <nil>
&{1 0 1 <nil>} <nil>
&{1 0 1 <nil>} <nil>
&{1 0 1 <nil>} <nil>
&{1 0 1 <nil>} <nil>
&{1 0 1 <nil>} <nil>
&{1 0 1 <nil>} <nil>
&{1 0 1 <nil>} <nil>
&{1 0 1 <nil>} <nil>
&{1 0 1 <nil>} <nil>
&{1 0 1 <nil>} <nil>
&{1 0 1 <nil>} <nil>
&{1 0 1 <nil>} <nil>
&{1 0 1 <nil>} <nil>
&{1 0 1 <nil>} <nil>
&{1 0 1 <nil>} <nil>
&{1 0 1 <nil>} <nil>
&{1 0 1 <nil>} <nil>
&{1 0 1 <nil>} <nil>
&{1 0 1 <nil>} <nil>
&{1 0 1 <nil>} <nil>
&{1 0 1 <nil>} <nil>
&{1 0 1 <nil>} <nil>
&{1 0 1 <nil>} <nil>
&{1 0 1 <nil>} <nil>
&{1 0 1 <nil>} <nil>
&{1 0 1 <nil>} <nil>
&{1 0 1 <nil>} <nil>
&{1 0 1 <nil>} <nil>
&{1 0 1 <nil>} <nil>
&{1 0 1 <nil>} <nil>
&{1 0 1 <nil>} <nil>
&{1 0 1 <nil>} <nil>
&{1 0 1 <nil>} <nil>
&{1 0 1 <nil>} <nil>
&{1 0 1 <nil>} <nil>
&{1 0 1 <nil>} <nil>
&{1 0 1 <nil>} <nil>
&{1 0 1 <nil>} <nil>
&{1 0 1 <nil>} <nil>
&{1 0 1 <nil>} <nil>
&{1 0 1 <nil>} <nil>
&{1 0 1 <nil>} <nil>
&{1 0 1 <nil>} <nil>
&{1 0 1 <nil>} <nil>
&{1 0 1 <nil>} <nil>
&{1 0 1 <nil>} <nil>
&{1 0 1 <nil>} <nil>
&{1 0 1 <nil>} <nil>
&{1 0 1 <nil>} <nil>
&{1 0 1 <nil>} <nil>
&{1 0 1 <nil>} <nil>
&{1 0 1 <nil>} <nil>
&{1 0 1 <nil>} <nil>
&{1 0 1 <nil>} <nil>
&{1 0 1 <nil>} <nil>
&{1 0 1 <nil>} <nil>
&{1 0 1 <nil>} <nil>
&{1 0 1 <nil>} <nil>
&{1 0 1 <nil>} <nil>
&{1 0 1 <nil>} <nil>
&{1 0 1 <nil>} <nil>
&{1 0 1 <nil>} <nil>
&{1 0 1 <nil>} <nil>
&{1 0 1 <nil>} <nil>
&{1 0 1 <nil>} <nil>
&{1 0 1 <nil>} <nil>
&{1 0 1 <nil>} <nil>
&{1 0 1 <nil>} <nil>
&{1 0 1 <nil>} <nil>
&{1 0 1 <nil>} <nil>
&{1 0 1 <nil>} <nil>
&{1 0 1 <nil>} <nil>
&{1 0 1 <nil>} <nil>
&{1 0 1 <nil>} <nil>
&{1 0 1 <nil>} <nil>
&{1 0 1 <nil>} <nil>
&{1 0 1 <nil>} <nil>
&{1 0 1 <nil>} <nil>
&{1 0 1 <nil>} <nil>
&{1 0 1 <nil>} <nil>
&{1 0 1 <nil>} <nil>
&{1 0 1 <nil>} <nil>
&{1 0 1 <nil>} <nil>
&{1 0 1 <nil>} <nil>
&{1 0 1 <nil>} <nil>
&{1 0 1 <nil>} <nil>
&{1 0 1 <nil>} <nil>
&{1 0 1 <nil>} <nil>
&{1 0 1 <nil>} <nil>
&{1 0 1 <nil>} <nil>
&{1 0 1 <nil>} <nil>
&{1 0 1 <nil>} <nil>
&{1 0 1 <nil>} <nil>
&{1 0 1 <nil>} <nil>
&{1 0 1 <nil>} <nil>
&{1 0 1 <nil>} <nil>
&{1 0 1 <nil>} <nil>
&{1 0 1 <nil>} <nil>
&{1 0 1 <nil>} <nil>
&{1 0 1 <nil>} <nil>
&{1 0 1 <nil>} <nil>
&{1 0 1 <nil>} <nil>
&{1 0 1 <nil>} <nil>
&{1 0 1 <nil>} <nil>
&{1 0 1 <nil>} <nil>
&{1 0 1 <nil>} <nil>
&{1 0 1 <nil>} <nil>
&{1 0 1 <nil>} <nil>
&{1 0 1 <nil>} <nil>
&{1 0 1 <nil>} <nil>
&{1 0 1 <nil>} <nil>
&{1 0 1 <nil>} <nil>
&{1 0 1 <nil>} <nil>
&{1 0 1 <nil>} <nil>
&{1 0 1 <nil>} <nil>
&{1 0 1 <nil>} <nil>
&{1 0 1 <nil>} <nil>
&{1 0 1 <nil>} <nil>
&{1 0 1 <nil>} <nil>
&{1 0 1 <nil>} <nil>
&{1 0 1 <nil>} <nil>
&{1 0 1 <nil>} <nil>
&{1 0 1 <nil>} <nil>
&{1 0 1 <nil>} <nil>
&{1 0 1 <nil>} <nil>
&{1 0 1 <nil>} <nil>
&{1 0 1 <nil>} <nil>
&{1 0 1 <nil>} <nil>
&{1 0 1 <nil>} <nil>
&{1 0 1 <nil>} <nil>
&{1 0 1 <nil>} <nil>
&{1 0 1 <nil>} <nil>
&{1 0 1 <nil>} <nil>
&{1 0 1 <nil>} <nil>
&{1 0 1 <nil>} <nil>
&{1 0 1 <nil>} <nil>
&{1 0 1 <nil>} <nil>
&{1 0 1 <nil>} <nil>
&{1 0 1 <nil>} <nil>
&{1 0 1 <nil>} <nil>
&{1 0 1 <nil>} <nil>
&{1 0 1 <nil>} <nil>
&{1 0 1 <nil>} <nil>
&{1 0 1 <nil>} <nil>
&{1 0 1 <nil>} <nil>
&{1 0 1 <nil>} <nil>
&{1 0 1 <nil>} <nil>
&{1 0 1 <nil>} <nil>
&{1 0 1 <nil>} <nil>
&{1 0 1 <nil>} <nil>
&{1 0 1 <nil>} <nil>
&{1 0 1 <nil>} <nil>
&{1 0 1 <nil>} <nil>
&{1 0 1 <nil>} <nil>
&{1 0 1 <nil>} <nil>
&{1 0 1 <nil>} <nil>
&{1 0 1 <nil>} <nil>
&{1 0 1 <nil>} <nil>
&{1 0 1 <nil>} <nil>
&{1 0 1 <nil>} <nil>
&{1 0 1 <nil>} <nil>
&{1 0 1 <nil>} <nil>
&{1 0 1 <nil>} <nil>
&{1 0 1 <nil>} <nil>
&{1 0 1 <nil>} <nil>
&{1 0 1 <nil>} <nil>
&{1 0 1 <nil>} <nil>
&{1 0 1 <nil>} <nil>
&{1 0 1 <nil>} <nil>
&{1 0 1 <nil>} <nil>
&{1 0 1 <nil>} <nil>
&{1 0 1 <nil>} <nil>
&{1 0 1 <nil>} <nil>
&{1 0 1 <nil>} <nil>
&{1 0 1 <nil>} <nil>
&{1 0 1 <nil>} <nil>
&{1 0 1 <nil>} <nil>
&{1 0 1 <nil>} <nil>
&{1 0 1 <nil>} <nil>
&{1 0 1 <nil>} <nil>
&{1 0 1 <nil>} <nil>
&{1 0 1 <nil>} <nil>
&{1 0 1 <nil>} <nil>
&{1 0 1 <nil>} <nil>
&{1 0 1 <nil>} <nil>
&{1 0 1 <nil>} <nil>
&{1 0 1 <nil>} <nil>
&{1 0 1 <nil>} <nil>
&{1 0 1 <nil>} <nil>
&{1 0 1 <nil>} <nil>
&{1 0 1 <nil>} <nil>
&{1 0 1 <nil>} <nil>
&{1 0 1 <nil>} <nil>
&{1 0 1 <nil>} <nil>
&{1 0 1 <nil>} <nil>
&{1 0 1 <nil>} <nil>
&{1 0 1 <nil>} <nil>
&{1 0 1 <nil>} <nil>
&{1 0 1 <nil>} <nil>
&{1 0 1 <nil>} <nil>
&{1 0 1 <nil>} <nil>
&{1 0 1 <nil>} <nil>
&{1 0 1 <nil>} <nil>
&{1 0 1 <nil>} <nil>
&{1 0 1 <nil>} <nil>
&{1 0 1 <nil>} <nil>
&{1 0 1 <nil>} <nil>
&{1 0 1 <nil>} <nil>
&{1 0 1 <nil>} <nil>
&{1 0 1 <nil>} <nil>
&{1 0 1 <nil>} <nil>
&{1 0 1 <nil>} <nil>
&{1 0 1 <nil>} <nil>
&{1 0 1 <nil>} <nil>
&{1 0 1 <nil>} <nil>
&{1 0 1 <nil>} <nil>
&{1 0 1 <nil>} <nil>
&{1 0 1 <nil>} <nil>
&{1 0 1 <nil>} <nil>
&{1 0 1 <nil>} <nil>
&{1 0 1 <nil>} <nil>
&{1 0 1 <nil>} <nil>
&{1 0 1 <nil>} <nil>
&{1 0 1 <nil>} <nil>
&{1 0 1 <nil>} <nil>
&{1 0 1 <nil>} <nil>
&{1 0 1 <nil>} <nil>
&{1 0 1 <nil>} <nil>
&{1 0 1 <nil>} <nil>
&{1 0 1 <nil>} <nil>
&{1 0 1 <nil>} <nil>
&{1 0 1 <nil>} <nil>
&{1 0 1 <nil>} <nil>
&{1 0 1 <nil>} <nil>
&{1 0 1 <nil>} <nil>
&{1 0 1 <nil>} <nil>
&{1 0 1 <nil>} <nil>
&{1 0 1 <nil>} <nil>
&{1 0 1 <nil>} <nil>
&{1 0 1 <nil>} <nil>
&{1 0 1 <nil>} <nil>
&{1 0 1 <nil>} <nil>
&{1 0 1 <nil>} <nil>
&{1 0 1 <nil>} <nil>
&{1 0 1 <nil>} <nil>
&{1 0 1 <nil>} <nil>
&{1 0 1 <nil>} <nil>
&{1 0 1 <nil>} <nil>
&{1 0 1 <nil>} <nil>
&{1 0 1 <nil>} <nil>
&{1 0 1 <nil>} <nil>
&{1 0 1 <nil>} <nil>
&{1 0 1 <nil>} <nil>
&{1 0 1 <nil>} <nil>
&{1 0 1 <nil>} <nil>
&{1 0 1 <nil>} <nil>
&{1 0 1 <nil>} <nil>
&{1 0 1 <nil>} <nil>
&{1 0 1 <nil>} <nil>
&{1 0 1 <nil>} <nil>
&{1 0 1 <nil>} <nil>
&{1 0 1 <nil>} <nil>
&{1 0 1 <nil>} <nil>
&{1 0 1 <nil>} <nil>
&{1 0 1 <nil>} <nil>
&{1 0 1 <nil>} <nil>
&{1 0 1 <nil>} <nil>
&{1 0 1 <nil>} <nil>
&{1 0 1 <nil>} <nil>
&{1 0 1 <nil>} <nil>
&{1 0 1 <nil>} <nil>
&{1 0 1 <nil>} <nil>
&{1 0 1 <nil>} <nil>
&{1 0 1 <nil>} <nil>
&{1 0 1 <nil>} <nil>
&{1 0 1 <nil>} <nil>
&{1 0 1 <nil>} <nil>
&{1 0 1 <nil>} <nil>
&{1 0 1 <nil>} <nil>
&{1 0 1 <nil>} <nil>
&{1 0 1 <nil>} <nil>
&{1 0 1 <nil>} <nil>
&{1 0 1 <nil>} <nil>
&{1 0 1 <nil>} <nil>
&{1 0 1 <nil>} <nil>
&{1 0 1 <nil>} <nil>
&{1 0 1 <nil>} <nil>
&{1 0 1 <nil>} <nil>
&{1 0 1 <nil>} <nil>
&{1 0 1 <nil>} <nil>
&{1 0 1 <nil>} <nil>
&{1 0 1 <nil>} <nil>
&{1 0 1 <nil>} <nil>
&{1 0 1 <nil>} <nil>
&{1 0 1 <nil>} <nil>
&{1 0 1 <nil>} <nil>
&{1 0 1 <nil>} <nil>
&{1 0 1 <nil>} <nil>
&{1 0 1 <nil>} <nil>
&{1 0 1 <nil>} <nil>
&{1 0 1 <nil>} <nil>
&{1 0 1 <nil>} <nil>
&{1 0 1 <nil>} <nil>
&{1 0 1 <nil>} <nil>
&{1 0 1 <nil>} <nil>
&{1 0 1 <nil>} <nil>
&{1 0 1 <nil>} <nil>
&{1 0 1 <nil>} <nil>
&{1 0 1 <nil>} <nil>
&{1 0 1 <nil>} <nil>
&{1 0 1 <nil>} <nil>
&{1 0 1 <nil>} <nil>
&{1 0 1 <nil>} <nil>
&{1 0 1 <nil>} <nil>
&{1 0 1 <nil>} <nil>
&{1 0 1 <nil>} <nil>
&{1 0 1 <nil>} <nil>
&{1 0 1 <nil>} <nil>
&{1 0 1 <nil>} <nil>
&{1 0 1 <nil>} <nil>
&{1 0 1 <nil>} <nil>
&{1 0 1 <nil>} <nil>
&{1 0 1 <nil>} <nil>
&{1 0 1 <nil>} <nil>
&{1 0 1 <nil>} <nil>
&{1 0 1 <nil>} <nil>
&{1 0 1 <nil>} <nil>
&{1 0 1 <nil>} <nil>
&{1 0 1 <nil>} <nil>
&{1 0 1 <nil>} <nil>
&{1 0 1 <nil>} <nil>
&{1 0 1 <nil>} <nil>
&{1 0 1 <nil>} <nil>
&{1 0 1 <nil>} <nil>
&{1 0 1 <nil>} <nil>
&{1 0 1 <nil>} <nil>
&{1 0 1 <nil>} <nil>
&{1 0 1 <nil>} <nil>
&{1 0 1 <nil>} <nil>
&{1 0 1 <nil>} <nil>
&{1 0 1 <nil>} <nil>
&{1 0 1 <nil>} <nil>
&{1 0 1 <nil>} <nil>
&{1 0 1 <nil>} <nil>
&{1 0 1 <nil>} <nil>
&{1 0 1 <nil>} <nil>
&{1 0 1 <nil>} <nil>
&{1 0 1 <nil>} <nil>
&{1 0 1 <nil>} <nil>
&{1 0 1 <nil>} <nil>
&{1 0 1 <nil>} <nil>
&{1 0 1 <nil>} <nil>
&{1 0 1 <nil>} <nil>
&{1 0 1 <nil>} <nil>
&{1 0 1 <nil>} <nil>
&{1 0 1 <nil>} <nil>
&{1 0 1 <nil>} <nil>
&{1 0 1 <nil>} <nil>
&{1 0 1 <nil>} <nil>
&{1 0 1 <nil>} <nil>
&{1 0 1 <nil>} <nil>
&{1 0 1 <nil>} <nil>
&{1 0 1 <nil>} <nil>
&{1 0 1 <nil>} <nil>
&{1 0 1 <nil>} <nil>
&{1 0 1 <nil>} <nil>
&{1 0 1 <nil>} <nil>
&{1 0 1 <nil>} <nil>
&{1 0 1 <nil>} <nil>
&{1 0 1 <nil>} <nil>
&{1 0 1 <nil>} <nil>
&{1 0 1 <nil>} <nil>
&{1 0 1 <nil>} <nil>
&{1 0 1 <nil>} <nil>
&{1 0 1 <nil>} <nil>
&{1 0 1 <nil>} <nil>
&{1 0 1 <nil>} <nil>
&{1 0 1 <nil>} <nil>
&{1 0 1 <nil>} <nil>
&{1 0 1 <nil>} <nil>
&{1 0 1 <nil>} <nil>
&{1 0 1 <nil>} <nil>
&{1 0 1 <nil>} <nil>
&{1 0 1 <nil>} <nil>
&{1 0 1 <nil>} <nil>
&{1 0 1 <nil>} <nil>
&{1 0 1 <nil>} <nil>
&{1 0 1 <nil>} <nil>
&{1 0 1 <nil>} <nil>
&{1 0 1 <nil>} <nil>
&{1 0 1 <nil>} <nil>
&{1 0 1 <nil>} <nil>
&{1 0 1 <nil>} <nil>
&{1 0 1 <nil>} <nil>
&{1 0 1 <nil>} <nil>
&{1 0 1 <nil>} <nil>
&{1 0 1 <nil>} <nil>
&{1 0 1 <nil>} <nil>
&{1 0 1 <nil>} <nil>
&{1 0 1 <nil>} <nil>
&{1 0 1 <nil>} <nil>
&{1 0 1 <nil>} <nil>
&{1 0 1 <nil>} <nil>
&{1 0 1 <nil>} <nil>
&{1 0 1 <nil>} <nil>
&{1 0 1 <nil>} <nil>
&{1 0 1 <nil>} <nil>
&{1 0 1 <nil>} <nil>
&{1 0 1 <nil>} <nil>
&{1 0 1 <nil>} <nil>
&{1 0 1 <nil>} <nil>
&{1 0 1 <nil>} <nil>
&{1 0 1 <nil>} <nil>
&{1 0 1 <nil>} <nil>
&{1 0 1 <nil>} <nil>
&{1 0 1 <nil>} <nil>
&{1 0 1 <nil>} <nil>
&{1 0 1 <nil>} <nil>
&{1 0 1 <nil>} <nil>
&{1 0 1 <nil>} <nil>
&{1 0 1 <nil>} <nil>
&{1 0 1 <nil>} <nil>
&{1 0 1 <nil>} <nil>
&{1 0 1 <nil>} <nil>
